#
# A fatal error has been detected by the Java Runtime Environment:
#
#  Internal Error (jvmciRuntime.cpp:1609), pid=30, tid=44
#  fatal error: Fatal exception in JVMCI: Error calling jdk.vm.ci.services.Services.serializeSavedProperties
#
# JRE version: OpenJDK Runtime Environment GraalVM CE 22.3.0 (17.0.5+8) (build 17.0.5+8-jvmci-22.3-b08)
# Java VM: OpenJDK 64-Bit Server VM GraalVM CE 22.3.0 (17.0.5+8-jvmci-22.3-b08, mixed mode, sharing, tiered, jvmci, jvmci compiler, compressed oops, compressed class ptrs, parallel gc, linux-amd64)
# Problematic frame:
# V  [libjvm.so+0x972714]  JVMCIRuntime::fatal_exception(JVMCIEnv*, char const*)+0x74
#
# Core dump will be written. Default location: Core dumps may be processed with "/usr/share/apport/apport -p%p -s%s -c%c -d%d -P%P -u%u -g%g -- %E" (or dumping to /home/runner/Everyrthing-Store-OOP-Assessment/core.30)
#
# If you would like to submit a bug report, please visit:
#   https://github.com/oracle/graal/issues
#

---------------  S U M M A R Y ------------

Command Line: -XX:ThreadPriorityPolicy=1 -XX:+UnlockExperimentalVMOptions -XX:+EnableJVMCIProduct -XX:JVMCIThreadsPerNativeLibraryRuntime=1 -XX:-UnlockExperimentalVMOptions -Declipse.application=org.eclipse.jdt.ls.core.id1 -Dosgi.bundles.defaultStartLevel=4 -Declipse.product=org.eclipse.jdt.ls.core.product -Dlog.level=ALL -Xverify:none -XX:+UseParallelGC -XX:GCTimeRatio=4 -XX:AdaptiveSizePolicyWeight=90 -Dsun.zip.disableMemoryMapping=true -Xmx512m -Xms100m /nix/store/m6gcpi1ii6rghy04cjwjddcavv7i90df-jdt-language-server-1.9.0/share/java/plugins/org.eclipse.equinox.launcher_1.6.400.v20210924-0641.jar --add-modules=ALL-SYSTEM --add-opens java.base/java.util=ALL-UNNAMED --add-opens java.base/java.lang=ALL-UNNAMED -configuration /home/runner/.cache/jdt-language-server/config -data /home/runner/.cache/jdt-language-server/data/home/runner/Everyrthing-Store-OOP-Assessment

Host: AMD EPYC 7B12, 8 cores, 1G, Ubuntu 20.04.2 LTS
Time: Thu Jan 19 04:36:06 2023 UTC elapsed time: 993.631056 seconds (0d 0h 16m 33s)

---------------  T H R E A D  ---------------

Current thread (0x00007f19840b2210):  JavaThread "JVMCI-native CompilerThread0" daemon [_thread_in_vm, id=44, stack(0x00007f1968448000,0x00007f1968648000)]


Current CompileTask:
JVMCI-native: 993631 9594       4       org.eclipse.jdt.internal.compiler.lookup.LookupEnvironment::getTypeFromCompoundName (152 bytes)

Stack: [0x00007f1968448000,0x00007f1968648000],  sp=0x00007f1968646380,  free space=2040k
Native frames: (J=compiled Java code, j=interpreted, Vv=VM code, C=native code)
V  [libjvm.so+0x972714]  JVMCIRuntime::fatal_exception(JVMCIEnv*, char const*)+0x74
V  [libjvm.so+0x93e2fe]  JVMCIEnv::copy_saved_properties()+0x14e
V  [libjvm.so+0x9732a9]  JVMCIRuntime::initialize(JVMCIEnv*)+0xb19
V  [libjvm.so+0x9738a2]  JVMCIRuntime::get_HotSpotJVMCIRuntime(JVMCIEnv*)+0x12
V  [libjvm.so+0x9749f2]  JVMCIRuntime::compile_method(JVMCIEnv*, JVMCICompiler*, methodHandle const&, int)+0xd2
V  [libjvm.so+0x5b0d20]  CompileBroker::invoke_compiler_on_method(CompileTask*)+0x1470
V  [libjvm.so+0x5b12e8]  CompileBroker::compiler_thread_loop()+0x528
V  [libjvm.so+0xd82460]  JavaThread::thread_main_inner()+0xd0
V  [libjvm.so+0xd85a40]  Thread::call_run()+0xc0
V  [libjvm.so+0xbdb1e1]  thread_native_entry(Thread*)+0xe1

Register to memory mapping:

RAX=0x00007f1988045000 points into unknown readable memory: 0x0000000000000058 | 58 00 00 00 00 00 00 00
RBX=0x00007f1989140398: <offset 0x0000000000ef5398> in /nix/store/gpxl5qgg8kicmcvivwmybwjlpf7wh20l-graalvm17-ce-22.3.0/lib/server/libjvm.so at 0x00007f198824b000
RCX=0x00007f19890f81e8: <offset 0x0000000000ead1e8> in /nix/store/gpxl5qgg8kicmcvivwmybwjlpf7wh20l-graalvm17-ce-22.3.0/lib/server/libjvm.so at 0x00007f198824b000
RDX=0x0000000000000649 is an unknown value
RSP=0x00007f1968646380 is pointing into the stack for thread: 0x00007f19840b2210
RBP=0x00007f19686463a0 is pointing into the stack for thread: 0x00007f19840b2210
RSI=0x00007f1989140c48: <offset 0x0000000000ef5c48> in /nix/store/gpxl5qgg8kicmcvivwmybwjlpf7wh20l-graalvm17-ce-22.3.0/lib/server/libjvm.so at 0x00007f198824b000
RDI=0x00000000e0000000 is an oop: java.lang.String 
{0x00000000e0000000} - klass: 'java/lang/String'
 - string: "resolution"
R8 =0x00007f1989140398: <offset 0x0000000000ef5398> in /nix/store/gpxl5qgg8kicmcvivwmybwjlpf7wh20l-graalvm17-ce-22.3.0/lib/server/libjvm.so at 0x00007f198824b000
R9 =0x00007f1968646330 is pointing into the stack for thread: 0x00007f19840b2210
R10=0x00007f1968647948 is pointing into the stack for thread: 0x00007f19840b2210
R11=0x0000000000000293 is an unknown value
R12=0x0 is NULL
R13=0x00007f19840b2210 is a thread
R14=0x00007f1984000b80 points into unknown readable memory: 0x00007f1989371a38 | 38 1a 37 89 19 7f 00 00
R15=0x00007f198947fe40: <offset 0x0000000001234e40> in /nix/store/gpxl5qgg8kicmcvivwmybwjlpf7wh20l-graalvm17-ce-22.3.0/lib/server/libjvm.so at 0x00007f198824b000


Registers:
RAX=0x00007f1988045000, RBX=0x00007f1989140398, RCX=0x00007f19890f81e8, RDX=0x0000000000000649
RSP=0x00007f1968646380, RBP=0x00007f19686463a0, RSI=0x00007f1989140c48, RDI=0x00000000e0000000
R8 =0x00007f1989140398, R9 =0x00007f1968646330, R10=0x00007f1968647948, R11=0x0000000000000293
R12=0x0000000000000000, R13=0x00007f19840b2210, R14=0x00007f1984000b80, R15=0x00007f198947fe40
RIP=0x00007f1988bbd714, EFLAGS=0x0000000000010206, CSGSFS=0x002b000000000033, ERR=0x0000000000000006
  TRAPNO=0x000000000000000e

Top of Stack: (sp=0x00007f1968646380)
0x00007f1968646380:   00007f1968646940 00007f19840b2210
0x00007f1968646390:   00007f1969e898c8 0000000800c409d8
0x00007f19686463a0:   00007f1968646500 00007f1988b892fe
0x00007f19686463b0:   00007f19686463e0 00007f1968646440 

Instructions: (pc=0x00007f1988bbd714)
0x00007f1988bbd614:   30 e8 f6 cf e8 ff 4c 89 e7 e8 2e 48 d1 ff 84 db
0x00007f1988bbd624:   75 2a 4d 85 ed 74 04 4d 8b 6d 00 48 83 c4 08 44
0x00007f1988bbd634:   89 f9 4c 89 f2 4c 89 ee 5b 4c 89 e7 41 5c 41 5d
0x00007f1988bbd644:   41 5e 41 5f 5d e9 e2 47 d1 ff 66 90 48 83 c4 08
0x00007f1988bbd654:   5b 41 5c 41 5d 41 5e 41 5f 5d c3 90 31 d2 be 08
0x00007f1988bbd664:   00 00 00 4c 89 ff e8 b1 78 a3 ff 49 89 c5 e9 37
0x00007f1988bbd674:   ff ff ff 66 0f 1f 84 00 00 00 00 00 48 8b 7a 08
0x00007f1988bbd684:   e9 6d ff ff ff 0f 1f 80 00 00 00 00 e8 5b 48 0a
0x00007f1988bbd694:   00 84 c0 75 89 e9 6a ff ff ff 66 90 55 48 89 e5
0x00007f1988bbd6a4:   41 56 41 55 41 54 49 89 fc 53 48 89 f3 66 48 8d
0x00007f1988bbd6b4:   3d 27 5e 85 00 66 66 48 e8 df 43 8d ff 4c 8b 28
0x00007f1988bbd6c4:   8b 05 be 72 8a 00 85 c0 75 14 ba 01 00 00 00 48
0x00007f1988bbd6d4:   8d 0d ae 72 8a 00 f0 0f b1 11 85 c0 74 4e be c8
0x00007f1988bbd6e4:   00 00 00 4c 89 ef e8 01 0b 41 00 48 8d 05 12 ac
0x00007f1988bbd6f4:   85 00 49 89 d8 48 8d 0d e8 aa 53 00 ba 49 06 00
0x00007f1988bbd704:   00 48 8d 35 3c 35 58 00 bf 00 00 00 e0 48 8b 00
0x00007f1988bbd714:   c6 00 58 31 c0 e8 e2 91 c6 ff 5b 41 5c 41 5d 41
0x00007f1988bbd724:   5e 5d e9 55 34 26 00 0f 1f 44 00 00 48 8d 05 81
0x00007f1988bbd734:   a3 8b 00 48 89 df 4c 8b 30 e8 9e 43 8d ff 48 89
0x00007f1988bbd744:   de 48 89 c2 49 8b 06 4c 89 f7 ff 50 08 4c 89 f7
0x00007f1988bbd754:   e8 a7 5c 27 00 4d 85 e4 74 12 be 01 00 00 00 4c
0x00007f1988bbd764:   89 e7 e8 35 43 fc ff eb 82 0f 1f 00 be 01 00 00
0x00007f1988bbd774:   00 4c 89 ef e8 d3 fd ff ff e9 6d ff ff ff 66 66
0x00007f1988bbd784:   2e 0f 1f 84 00 00 00 00 00 0f 1f 00 55 48 89 e5
0x00007f1988bbd794:   41 57 41 56 41 55 41 54 53 48 81 ec 08 02 00 00
0x00007f1988bbd7a4:   64 48 8b 04 25 28 00 00 00 48 89 45 c8 8b 07 83
0x00007f1988bbd7b4:   f8 02 0f 84 11 04 00 00 4c 8b 6f 18 49 89 ff 49
0x00007f1988bbd7c4:   89 f4 4d 85 ed 74 14 4c 89 ef e8 5d 57 22 00 41
0x00007f1988bbd7d4:   8b 07 83 f8 02 0f 84 19 04 00 00 48 8d 1d 9a 06
0x00007f1988bbd7e4:   8a 00 4c 8d 35 0b 3c 58 00 eb 38 90 48 85 d2 7f
0x00007f1988bbd7f4:   0d 48 8d 05 b4 c0 85 00 48 83 38 00 7e 0e 41 8b
0x00007f1988bbd804:   77 2c 4c 89 f7 31 c0 e8 a0 b2 f7 ff 49 8b 7f 18 


Stack slot to memory mapping:
stack at sp + 0 slots: 0x00007f1968646940 is pointing into the stack for thread: 0x00007f19840b2210
stack at sp + 1 slots: 0x00007f19840b2210 is a thread
stack at sp + 2 slots: 0x00007f1969e898c8 points into unknown readable memory: 0x65730018e552ffff | ff ff 52 e5 18 00 73 65
stack at sp + 3 slots: 0x0000000800c409d8 is a pointer to class: 
jdk.vm.ci.services.Services {0x0000000800c409d8}
 - instance size:     2
 - klass size:        65
 - access:            public final synchronized 
 - state:             fully_initialized
 - name:              'jdk/vm/ci/services/Services'
 - super:             'java/lang/Object'
 - sub:               
 - arrays:            NULL
 - methods:           Array<T>(0x00007f196903a7f8)
 - method ordering:   Array<T>(0x0000000800928960)
 - default_methods:   Array<T>(0x0000000000000000)
 - local interfaces:  Array<T>(0x00000008005ce810)
 - trans. interfaces: Array<T>(0x00000008005ce810)
 - constants:         constant pool [427] {0x00007f19690398d8} for 'jdk/vm/ci/services/Services' cache=0x00007f196903bac8
 - class loader data:  loader data: 0x00007f1984028410 of 'bootstrap'
 - source file:       'Services.java'
 - class annotations:       Array<T>(0x0000000000000000)
 - class type annotations:  Array<T>(0x0000000000000000)
 - field annotations:       Array<T>(0x0000000000000000)
 - field type annotations:  Array<T>(0x0000000000000000)
 - inner classes:     Array<T>(0x00007f196903ba98)
 - nest members:     Array<T>(0x00007f196903bab8)
 - permitted subclasses:     Array<T>(0x00000008005ce7a0)
 - java mirror:       a 'java/lang/Class'{0x00000000e014aa68} = 'jdk/vm/ci/services/Services'
 - vtable length      5  (start addr: 0x0000000800c40ba8)
 - itable length      2 (start addr: 0x0000000800c40bd0)
 - ---- static fields (3 words):
 - public static final 'IS_BUILDING_NATIVE_IMAGE' 'Z' @128 
 - public static final 'IS_IN_NATIVE_IMAGE' 'Z' @129 
 - private static volatile 'savedProperties' 'Ljava/util/Map;' @112 
 - static final 'JVMCI_ENABLED' 'Z' @130 
 - private static final 'servicesCache' 'Ljava/util/Map;' @116 
 - private static final 'MAX_UNICODE_IN_UTF8_LENGTH' 'I' @120 
 - private static final 'MAX_UTF8_PROPERTY_STRING_LENGTH' 'I' @124 
 - ---- non-static fields (0 words):
 - non-static oop maps: 
stack at sp + 4 slots: 0x00007f1968646500 is pointing into the stack for thread: 0x00007f19840b2210
stack at sp + 5 slots: 0x00007f1988b892fe: <offset 0x000000000093e2fe> in /nix/store/gpxl5qgg8kicmcvivwmybwjlpf7wh20l-graalvm17-ce-22.3.0/lib/server/libjvm.so at 0x00007f198824b000
stack at sp + 6 slots: 0x00007f19686463e0 is pointing into the stack for thread: 0x00007f19840b2210
stack at sp + 7 slots: 0x00007f1968646440 is pointing into the stack for thread: 0x00007f19840b2210


---------------  P R O C E S S  ---------------

Threads class SMR info:
_java_thread_list=0x00007f18f01c7370, length=35, elements={
0x00007f19840266b0, 0x00007f19840a64f0, 0x00007f19840a7930, 0x00007f19840ae080,
0x00007f19840af430, 0x00007f19840b0820, 0x00007f19840b2210, 0x00007f19840b3720,
0x00007f19840b4b70, 0x00007f19840e80f0, 0x00007f1984130000, 0x00007f1984323cf0,
0x00007f19843577e0, 0x00007f19843594d0, 0x00007f198461eeb0, 0x00007f1918016de0,
0x00007f19182b15f0, 0x00007f19080010d0, 0x00007f191848f9c0, 0x00007f19185ff7d0,
0x00007f19843ced10, 0x00007f18fc000ff0, 0x00007f198437df70, 0x00007f18e4000ff0,
0x00007f18f01a52e0, 0x00007f18f01a6470, 0x00007f18f01a9f20, 0x00007f18f01ab040,
0x00007f18f01abe20, 0x00007f18f019b090, 0x00007f18f019c530, 0x00007f18f019d9c0,
0x00007f18f019ee90, 0x00007f190c0089e0, 0x00007f18f0167460
}

Java Threads: ( => current thread )
  0x00007f19840266b0 JavaThread "main" [_thread_blocked, id=36, stack(0x00007f1988066000,0x00007f1988166000)]
  0x00007f19840a64f0 JavaThread "Reference Handler" daemon [_thread_blocked, id=39, stack(0x00007f1968d2e000,0x00007f1968e2e000)]
  0x00007f19840a7930 JavaThread "Finalizer" daemon [_thread_blocked, id=40, stack(0x00007f1968c2e000,0x00007f1968d2e000)]
  0x00007f19840ae080 JavaThread "Signal Dispatcher" daemon [_thread_blocked, id=41, stack(0x00007f1968848000,0x00007f1968948000)]
  0x00007f19840af430 JavaThread "Service Thread" daemon [_thread_blocked, id=42, stack(0x00007f1968748000,0x00007f1968848000)]
  0x00007f19840b0820 JavaThread "Monitor Deflation Thread" daemon [_thread_blocked, id=43, stack(0x00007f1968648000,0x00007f1968748000)]
=>0x00007f19840b2210 JavaThread "JVMCI-native CompilerThread0" daemon [_thread_in_vm, id=44, stack(0x00007f1968448000,0x00007f1968648000)]
  0x00007f19840b3720 JavaThread "C1 CompilerThread0" daemon [_thread_blocked, id=45, stack(0x00007f1968248000,0x00007f1968448000)]
  0x00007f19840b4b70 JavaThread "Sweeper thread" daemon [_thread_blocked, id=46, stack(0x00007f1968148000,0x00007f1968248000)]
  0x00007f19840e80f0 JavaThread "Common-Cleaner" daemon [_thread_blocked, id=47, stack(0x00007f1968048000,0x00007f1968148000)]
  0x00007f1984130000 JavaThread "Notification Thread" daemon [_thread_blocked, id=48, stack(0x00007f193bf00000,0x00007f193c000000)]
  0x00007f1984323cf0 JavaThread "Active Thread: Equinox Container: 6fbee85d-32eb-44aa-a6a4-d5dad33e4061" [_thread_blocked, id=63, stack(0x00007f1938700000,0x00007f1938800000)]
  0x00007f19843577e0 JavaThread "Framework Event Dispatcher: Equinox Container: 6fbee85d-32eb-44aa-a6a4-d5dad33e4061" daemon [_thread_blocked, id=64, stack(0x00007f1938500000,0x00007f1938600000)]
  0x00007f19843594d0 JavaThread "Start Level: Equinox Container: 6fbee85d-32eb-44aa-a6a4-d5dad33e4061" daemon [_thread_blocked, id=65, stack(0x00007f1938300000,0x00007f1938400000)]
  0x00007f198461eeb0 JavaThread "Refresh Thread: Equinox Container: 6fbee85d-32eb-44aa-a6a4-d5dad33e4061" daemon [_thread_blocked, id=66, stack(0x00007f1938100000,0x00007f1938200000)]
  0x00007f1918016de0 JavaThread "SCR Component Actor" daemon [_thread_blocked, id=75, stack(0x00007f1933f00000,0x00007f1934000000)]
  0x00007f19182b15f0 JavaThread "Worker-JM" [_thread_blocked, id=77, stack(0x00007f1933b00000,0x00007f1933c00000)]
  0x00007f19080010d0 JavaThread "Worker-1: Java indexing... " [_thread_blocked, id=85, stack(0x00007f1933700000,0x00007f1933800000)]
  0x00007f191848f9c0 JavaThread "Java indexing" daemon [_thread_blocked, id=88, stack(0x00007f1933500000,0x00007f1933600000)]
  0x00007f19185ff7d0 JavaThread "Bundle File Closer" daemon [_thread_blocked, id=89, stack(0x00007f1933300000,0x00007f1933400000)]
  0x00007f19843ced10 JavaThread "pool-3-thread-1" [_thread_blocked, id=96, stack(0x00007f1933100000,0x00007f1933200000)]
  0x00007f18fc000ff0 JavaThread "Worker-2: Periodic workspace save." [_thread_blocked, id=99, stack(0x00007f1932f00000,0x00007f1933000000)]
  0x00007f198437df70 JavaThread "pool-2-thread-1" [_thread_blocked, id=100, stack(0x00007f1932d00000,0x00007f1932e00000)]
  0x00007f18e4000ff0 JavaThread "Worker-4: Compacting resource model" [_thread_blocked, id=102, stack(0x00007f1933d00000,0x00007f1933e00000)]
  0x00007f18f01a52e0 JavaThread "Thread-4" [_thread_blocked, id=571, stack(0x00007f1932500000,0x00007f1932600000)]
  0x00007f18f01a6470 JavaThread "Thread-5" [_thread_blocked, id=740, stack(0x00007f1932900000,0x00007f1932a00000)]
  0x00007f18f01a9f20 JavaThread "Thread-7" [_thread_blocked, id=742, stack(0x00007f1939800000,0x00007f1939900000)]
  0x00007f18f01ab040 JavaThread "Thread-8" [_thread_blocked, id=751, stack(0x00007f1939700000,0x00007f1939800000)]
  0x00007f18f01abe20 JavaThread "Thread-9" [_thread_blocked, id=759, stack(0x00007f1939500000,0x00007f1939600000)]
  0x00007f18f019b090 JavaThread "Thread-10" [_thread_blocked, id=764, stack(0x00007f1939400000,0x00007f1939500000)]
  0x00007f18f019c530 JavaThread "Thread-11" [_thread_blocked, id=770, stack(0x00007f1939200000,0x00007f1939300000)]
  0x00007f18f019d9c0 JavaThread "Thread-12" [_thread_blocked, id=779, stack(0x00007f1939000000,0x00007f1939100000)]
  0x00007f18f019ee90 JavaThread "Thread-13" [_thread_blocked, id=788, stack(0x00007f1938e00000,0x00007f1938f00000)]
  0x00007f190c0089e0 JavaThread "Worker-6" [_thread_blocked, id=1129, stack(0x00007f1932700000,0x00007f1932800000)]
  0x00007f18f0167460 JavaThread "Thread-14" [_thread_blocked, id=1142, stack(0x00007f1939900000,0x00007f1939a00000)]

Other Threads:
  0x00007f19840a1c30 VMThread "VM Thread" [stack: 0x00007f1968e30000,0x00007f1968f30000] [id=38] _threads_hazard_ptr=0x00007f18f01c7370
  0x00007f19841319a0 WatcherThread [stack: 0x00007f193be00000,0x00007f193bf00000] [id=49]
  0x00007f198403df50 GCTaskThread "GC Thread#0" [stack: 0x00007f196b0dc000,0x00007f196b1dc000] [id=37]

Threads with active compile tasks:
JVMCI-native CompilerThread0   993680 9594       4       org.eclipse.jdt.internal.compiler.lookup.LookupEnvironment::getTypeFromCompoundName (152 bytes)

VM state: synchronizing (normal execution)

VM Mutex/Monitor currently owned by a thread:  ([mutex/lock_event])
[0x00007f1984023860] Threads_lock - owner thread: 0x00007f19840a1c30
[0x00007f1984024010] Heap_lock - owner thread: 0x00007f18f019d9c0

OutOfMemory and StackOverflow Exception counts:
OutOfMemoryError java_heap_errors=12
LinkageErrors=52

Heap address: 0x00000000e0000000, size: 512 MB, Compressed Oops mode: 32-bit

CDS archive(s) mapped at: [0x0000000800000000-0x0000000800bc8000-0x0000000800bc8000), size 12353536, SharedBaseAddress: 0x0000000800000000, ArchiveRelocationMode: 0.
Compressed class space mapped at: 0x0000000800c00000-0x0000000840c00000, reserved size: 1073741824
Narrow klass base: 0x0000000800000000, Narrow klass shift: 0, Narrow klass range: 0x100000000

GC Precious Log:
 CPUs: 8 total, 1 available
 Memory: 1024M
 Large Page Support: Disabled
 NUMA Support: Disabled
 Compressed Oops: Enabled (32-bit)
 Alignments: Space 512K, Generation 512K, Heap 2M
 Heap Min Capacity: 100M
 Heap Initial Capacity: 100M
 Heap Max Capacity: 512M
 Pre-touch: Disabled
 Parallel Workers: 1

Heap:
 PSYoungGen      total 53248K, used 37888K [0x00000000f5580000, 0x00000000f9d80000, 0x0000000100000000)
  eden space 37888K, 100% used [0x00000000f5580000,0x00000000f7a80000,0x00000000f7a80000)
  from space 15360K, 0% used [0x00000000f8b80000,0x00000000f8b80000,0x00000000f9a80000)
  to   space 17408K, 0% used [0x00000000f7a80000,0x00000000f7a80000,0x00000000f8b80000)
 ParOldGen       total 349696K, used 349694K [0x00000000e0000000, 0x00000000f5580000, 0x00000000f5580000)
  object space 349696K, 99% used [0x00000000e0000000,0x00000000f557f838,0x00000000f5580000)
 Metaspace       used 54631K, committed 55424K, reserved 1105920K
  class space    used 5157K, committed 5568K, reserved 1048576K

Card table byte_map: [0x00007f196b1dc000,0x00007f196b2dd000] _byte_map_base: 0x00007f196aadc000

Marking Bits: (ParMarkBitMap*) 0x00007f19894794c0
 Begin Bits: [0x00007f196a02f000, 0x00007f196a82f000)
 End Bits:   [0x00007f196a82f000, 0x00007f196b02f000)

Polling page: 0x00007f1988043000

Metaspace:

Usage:
  Non-class:     48.31 MB used.
      Class:      5.04 MB used.
       Both:     53.35 MB used.

Virtual space:
  Non-class space:       56.00 MB reserved,      48.69 MB ( 87%) committed,  7 nodes.
      Class space:        1.00 GB reserved,       5.44 MB ( <1%) committed,  1 nodes.
             Both:        1.05 GB reserved,      54.12 MB (  5%) committed. 

Chunk freelists:
   Non-Class:  2.79 MB
       Class:  2.65 MB
        Both:  5.43 MB

MaxMetaspaceSize: unlimited
CompressedClassSpaceSize: 1.00 GB
Initial GC threshold: 21.00 MB
Current GC threshold: 90.25 MB
CDS: on
MetaspaceReclaimPolicy: balanced
 - commit_granule_bytes: 65536.
 - commit_granule_words: 8192.
 - virtual_space_node_default_size: 1048576.
 - enlarge_chunks_in_place: 1.
 - new_chunks_are_fully_committed: 0.
 - uncommit_free_chunks: 1.
 - use_allocation_guard: 0.
 - handle_deallocations: 1.


Internal statistics:

num_allocs_failed_limit: 6.
num_arena_births: 368.
num_arena_deaths: 86.
num_vsnodes_births: 8.
num_vsnodes_deaths: 0.
num_space_committed: 865.
num_space_uncommitted: 0.
num_chunks_returned_to_freelist: 119.
num_chunks_taken_from_freelist: 2374.
num_chunk_merges: 44.
num_chunk_splits: 1581.
num_chunks_enlarged: 1029.
num_purges: 18.
num_inconsistent_stats: 0.

CodeHeap 'non-profiled nmethods': size=120036Kb used=2527Kb max_used=2527Kb free=117508Kb
 bounds [0x00007f1972f7a000, 0x00007f19731fa000, 0x00007f197a4b3000]
CodeHeap 'profiled nmethods': size=120032Kb used=18032Kb max_used=18575Kb free=101999Kb
 bounds [0x00007f196ba42000, 0x00007f196cc72000, 0x00007f1972f7a000]
CodeHeap 'non-nmethods': size=5692Kb used=1383Kb max_used=1387Kb free=4309Kb
 bounds [0x00007f196b4b3000, 0x00007f196b723000, 0x00007f196ba42000]
 total_blobs=7800 nmethods=7085 adapters=603
 compilation: enabled
              stopped_count=0, restarted_count=0
 full_count=0

JVMCI Events (20 events):
Event: 739.035 Thread 0x00007f19840b2210 compacted oop handles in JVMCI runtime 0 from 89 to 89
Event: 739.035 Thread 0x00007f19840b2210 releasing handles for JVMCI runtime 0: oop handles=89, metadata handles={total=234, live=230, blocks=54}
Event: 739.035 Thread 0x00007f19840b2210 detached from JVMCI runtime 0
Event: 824.976 Thread 0x00007f19840b2210 attached to JVMCI runtime 0
Event: 824.978 Thread 0x00007f19840b2210 created JavaVM[6]@0x00007f1931f9e340 for JVMCI runtime 0
Event: 824.978 Thread 0x00007f19840b2210 initializing JVMCI runtime 0
Event: 824.978 Thread 0x00007f19840b2210 done waiting for JavaVM references initialization in JVMCI runtime 0
Event: 883.568 Thread 0x00007f19840b2210 initialized JVMCI runtime 0
Event: 887.904 Thread 0x00007f19840b2210 compacted oop handles in JVMCI runtime 0 from 63 to 55
Event: 889.374 Thread 0x00007f19840b2210 detaching from JVMCI runtime 0: releasing idle compiler thread (0 other threads still attached)
Event: 889.374 Thread 0x00007f19840b2210 shutting down HotSpotJVMCIRuntime for JVMCI runtime 0
Event: 891.054 Thread 0x00007f19840b2210 shut down JVMCI runtime 0
Event: 891.055 Thread 0x00007f19840b2210 destroyed JavaVM[6]@0x00007f1931f9e340 for JVMCI runtime 0
Event: 891.055 Thread 0x00007f19840b2210 compacted oop handles in JVMCI runtime 0 from 55 to 55
Event: 891.055 Thread 0x00007f19840b2210 releasing handles for JVMCI runtime 0: oop handles=55, metadata handles={total=96, live=91, blocks=54}
Event: 891.055 Thread 0x00007f19840b2210 detached from JVMCI runtime 0
Event: 985.071 Thread 0x00007f19840b2210 attached to JVMCI runtime 0
Event: 985.072 Thread 0x00007f19840b2210 created JavaVM[7]@0x00007f1931f9e340 for JVMCI runtime 0
Event: 986.459 Thread 0x00007f19840b2210 initializing JVMCI runtime 0
Event: 986.459 Thread 0x00007f19840b2210 done waiting for JavaVM references initialization in JVMCI runtime 0

Compilation events (20 events):
Event: 739.036 Thread 0x00007f19840b3720 nmethod 9584 0x00007f196c44ab10 code [0x00007f196c44aca0, 0x00007f196c44adf0]
Event: 745.558 Thread 0x00007f19840b3720 9585       3       java.lang.invoke.BoundMethodHandle::editor (8 bytes)
Event: 745.559 Thread 0x00007f19840b3720 nmethod 9585 0x00007f196c759510 code [0x00007f196c7596e0, 0x00007f196c759a20]
Event: 751.267 Thread 0x00007f19840b3720 9586       3       java.lang.reflect.Modifier::isPrivate (12 bytes)
Event: 752.665 Thread 0x00007f19840b3720 nmethod 9586 0x00007f196c759190 code [0x00007f196c759320, 0x00007f196c759470]
Event: 802.518 Thread 0x00007f19840b3720 9587       1       org.eclipse.jdt.internal.compiler.util.CharArrayMap::size (5 bytes)
Event: 802.518 Thread 0x00007f19840b3720 nmethod 9587 0x00007f19731f0a90 code [0x00007f19731f0c20, 0x00007f19731f0cf0]
Event: 812.950 Thread 0x00007f19840b3720 9588       3       org.eclipse.core.internal.preferences.StringPool::add (59 bytes)
Event: 818.273 Thread 0x00007f19840b3720 nmethod 9588 0x00007f196cb02210 code [0x00007f196cb02400, 0x00007f196cb02dd0]
Event: 824.976 Thread 0x00007f19840b2210 9589       4       java.util.LinkedHashMap$LinkedKeyIterator::next (8 bytes)
Event: 886.479 Thread 0x00007f19840b2210 nmethod 9589 0x00007f19731f0d90 code [0x00007f19731f0f00, 0x00007f19731f0ff8]
Event: 886.480 Thread 0x00007f19840b2210 9590       4       org.eclipse.jdt.core.compiler.CharOperation::equals (68 bytes)
Event: 887.905 Thread 0x00007f19840b2210 nmethod 9590 0x00007f19731f1110 code [0x00007f19731f12c0, 0x00007f19731f1620]
Event: 936.861 Thread 0x00007f19840b3720 9591       1       org.eclipse.osgi.internal.framework.EquinoxContainer::getStorage (5 bytes)
Event: 936.862 Thread 0x00007f19840b3720 nmethod 9591 0x00007f19731f1990 code [0x00007f19731f1b20, 0x00007f19731f1bf0]
Event: 949.639 Thread 0x00007f19840b3720 9593       3       java.lang.invoke.LambdaForm::useCount (61 bytes)
Event: 949.640 Thread 0x00007f19840b3720 nmethod 9593 0x00007f196c27f110 code [0x00007f196c27f2e0, 0x00007f196c27f640]
Event: 949.640 Thread 0x00007f19840b3720 9592       3       java.lang.invoke.MethodHandle::intrinsicName (4 bytes)
Event: 951.044 Thread 0x00007f19840b3720 nmethod 9592 0x00007f196c758d90 code [0x00007f196c758f20, 0x00007f196c759030]
Event: 985.071 Thread 0x00007f19840b2210 9594       4       org.eclipse.jdt.internal.compiler.lookup.LookupEnvironment::getTypeFromCompoundName (152 bytes)

GC Heap History (20 events):
Event: 979.193 GC heap before
{Heap before GC invocations=737 (full 644):
 PSYoungGen      total 53248K, used 37887K [0x00000000f5580000, 0x00000000f9d80000, 0x0000000100000000)
  eden space 37888K, 99% used [0x00000000f5580000,0x00000000f7a7fff8,0x00000000f7a80000)
  from space 15360K, 0% used [0x00000000f8b80000,0x00000000f8b80000,0x00000000f9a80000)
  to   space 17408K, 0% used [0x00000000f7a80000,0x00000000f7a80000,0x00000000f8b80000)
 ParOldGen       total 349696K, used 349690K [0x00000000e0000000, 0x00000000f5580000, 0x00000000f5580000)
  object space 349696K, 99% used [0x00000000e0000000,0x00000000f557e880,0x00000000f5580000)
 Metaspace       used 54631K, committed 55424K, reserved 1105920K
  class space    used 5157K, committed 5568K, reserved 1048576K
}
Event: 980.653 GC heap after
{Heap after GC invocations=737 (full 644):
 PSYoungGen      total 55296K, used 37887K [0x00000000f5580000, 0x00000000f9d80000, 0x0000000100000000)
  eden space 37888K, 99% used [0x00000000f5580000,0x00000000f7a7ffd0,0x00000000f7a80000)
  from space 17408K, 0% used [0x00000000f7a80000,0x00000000f7a80000,0x00000000f8b80000)
  to   space 15360K, 0% used [0x00000000f8b80000,0x00000000f8b80000,0x00000000f9a80000)
 ParOldGen       total 349696K, used 349690K [0x00000000e0000000, 0x00000000f5580000, 0x00000000f5580000)
  object space 349696K, 99% used [0x00000000e0000000,0x00000000f557e880,0x00000000f5580000)
 Metaspace       used 54631K, committed 55424K, reserved 1105920K
  class space    used 5157K, committed 5568K, reserved 1048576K
}
Event: 980.656 GC heap before
{Heap before GC invocations=738 (full 645):
 PSYoungGen      total 55296K, used 37887K [0x00000000f5580000, 0x00000000f9d80000, 0x0000000100000000)
  eden space 37888K, 99% used [0x00000000f5580000,0x00000000f7a7fff8,0x00000000f7a80000)
  from space 17408K, 0% used [0x00000000f7a80000,0x00000000f7a80000,0x00000000f8b80000)
  to   space 15360K, 0% used [0x00000000f8b80000,0x00000000f8b80000,0x00000000f9a80000)
 ParOldGen       total 349696K, used 349690K [0x00000000e0000000, 0x00000000f5580000, 0x00000000f5580000)
  object space 349696K, 99% used [0x00000000e0000000,0x00000000f557e880,0x00000000f5580000)
 Metaspace       used 54631K, committed 55424K, reserved 1105920K
  class space    used 5157K, committed 5568K, reserved 1048576K
}
Event: 982.099 GC heap after
{Heap after GC invocations=738 (full 645):
 PSYoungGen      total 53248K, used 37887K [0x00000000f5580000, 0x00000000f9d80000, 0x0000000100000000)
  eden space 37888K, 99% used [0x00000000f5580000,0x00000000f7a7ffd0,0x00000000f7a80000)
  from space 15360K, 0% used [0x00000000f8b80000,0x00000000f8b80000,0x00000000f9a80000)
  to   space 17408K, 0% used [0x00000000f7a80000,0x00000000f7a80000,0x00000000f8b80000)
 ParOldGen       total 349696K, used 349690K [0x00000000e0000000, 0x00000000f5580000, 0x00000000f5580000)
  object space 349696K, 99% used [0x00000000e0000000,0x00000000f557e880,0x00000000f5580000)
 Metaspace       used 54631K, committed 55424K, reserved 1105920K
  class space    used 5157K, committed 5568K, reserved 1048576K
}
Event: 982.100 GC heap before
{Heap before GC invocations=739 (full 646):
 PSYoungGen      total 53248K, used 37887K [0x00000000f5580000, 0x00000000f9d80000, 0x0000000100000000)
  eden space 37888K, 99% used [0x00000000f5580000,0x00000000f7a7fff8,0x00000000f7a80000)
  from space 15360K, 0% used [0x00000000f8b80000,0x00000000f8b80000,0x00000000f9a80000)
  to   space 17408K, 0% used [0x00000000f7a80000,0x00000000f7a80000,0x00000000f8b80000)
 ParOldGen       total 349696K, used 349692K [0x00000000e0000000, 0x00000000f5580000, 0x00000000f5580000)
  object space 349696K, 99% used [0x00000000e0000000,0x00000000f557f3c0,0x00000000f5580000)
 Metaspace       used 54631K, committed 55424K, reserved 1105920K
  class space    used 5157K, committed 5568K, reserved 1048576K
}
Event: 983.537 GC heap after
{Heap after GC invocations=739 (full 646):
 PSYoungGen      total 55296K, used 37887K [0x00000000f5580000, 0x00000000f9d80000, 0x0000000100000000)
  eden space 37888K, 99% used [0x00000000f5580000,0x00000000f7a7ffd0,0x00000000f7a80000)
  from space 17408K, 0% used [0x00000000f7a80000,0x00000000f7a80000,0x00000000f8b80000)
  to   space 15360K, 0% used [0x00000000f8b80000,0x00000000f8b80000,0x00000000f9a80000)
 ParOldGen       total 349696K, used 349691K [0x00000000e0000000, 0x00000000f5580000, 0x00000000f5580000)
  object space 349696K, 99% used [0x00000000e0000000,0x00000000f557ed40,0x00000000f5580000)
 Metaspace       used 54631K, committed 55424K, reserved 1105920K
  class space    used 5157K, committed 5568K, reserved 1048576K
}
Event: 983.539 GC heap before
{Heap before GC invocations=740 (full 647):
 PSYoungGen      total 55296K, used 37887K [0x00000000f5580000, 0x00000000f9d80000, 0x0000000100000000)
  eden space 37888K, 99% used [0x00000000f5580000,0x00000000f7a7ffe8,0x00000000f7a80000)
  from space 17408K, 0% used [0x00000000f7a80000,0x00000000f7a80000,0x00000000f8b80000)
  to   space 15360K, 0% used [0x00000000f8b80000,0x00000000f8b80000,0x00000000f9a80000)
 ParOldGen       total 349696K, used 349691K [0x00000000e0000000, 0x00000000f5580000, 0x00000000f5580000)
  object space 349696K, 99% used [0x00000000e0000000,0x00000000f557ed40,0x00000000f5580000)
 Metaspace       used 54631K, committed 55424K, reserved 1105920K
  class space    used 5157K, committed 5568K, reserved 1048576K
}
Event: 985.071 GC heap after
{Heap after GC invocations=740 (full 647):
 PSYoungGen      total 53248K, used 37887K [0x00000000f5580000, 0x00000000f9d80000, 0x0000000100000000)
  eden space 37888K, 99% used [0x00000000f5580000,0x00000000f7a7ffe8,0x00000000f7a80000)
  from space 15360K, 0% used [0x00000000f8b80000,0x00000000f8b80000,0x00000000f9a80000)
  to   space 17408K, 0% used [0x00000000f7a80000,0x00000000f7a80000,0x00000000f8b80000)
 ParOldGen       total 349696K, used 349691K [0x00000000e0000000, 0x00000000f5580000, 0x00000000f5580000)
  object space 349696K, 99% used [0x00000000e0000000,0x00000000f557ed40,0x00000000f5580000)
 Metaspace       used 54631K, committed 55424K, reserved 1105920K
  class space    used 5157K, committed 5568K, reserved 1048576K
}
Event: 985.074 GC heap before
{Heap before GC invocations=741 (full 648):
 PSYoungGen      total 53248K, used 37888K [0x00000000f5580000, 0x00000000f9d80000, 0x0000000100000000)
  eden space 37888K, 100% used [0x00000000f5580000,0x00000000f7a80000,0x00000000f7a80000)
  from space 15360K, 0% used [0x00000000f8b80000,0x00000000f8b80000,0x00000000f9a80000)
  to   space 17408K, 0% used [0x00000000f7a80000,0x00000000f7a80000,0x00000000f8b80000)
 ParOldGen       total 349696K, used 349693K [0x00000000e0000000, 0x00000000f5580000, 0x00000000f5580000)
  object space 349696K, 99% used [0x00000000e0000000,0x00000000f557f608,0x00000000f5580000)
 Metaspace       used 54631K, committed 55424K, reserved 1105920K
  class space    used 5157K, committed 5568K, reserved 1048576K
}
Event: 986.459 GC heap after
{Heap after GC invocations=741 (full 648):
 PSYoungGen      total 55296K, used 37887K [0x00000000f5580000, 0x00000000f9d80000, 0x0000000100000000)
  eden space 37888K, 99% used [0x00000000f5580000,0x00000000f7a7ffd0,0x00000000f7a80000)
  from space 17408K, 0% used [0x00000000f7a80000,0x00000000f7a80000,0x00000000f8b80000)
  to   space 15360K, 0% used [0x00000000f8b80000,0x00000000f8b80000,0x00000000f9a80000)
 ParOldGen       total 349696K, used 349692K [0x00000000e0000000, 0x00000000f5580000, 0x00000000f5580000)
  object space 349696K, 99% used [0x00000000e0000000,0x00000000f557f0e0,0x00000000f5580000)
 Metaspace       used 54631K, committed 55424K, reserved 1105920K
  class space    used 5157K, committed 5568K, reserved 1048576K
}
Event: 986.459 GC heap before
{Heap before GC invocations=742 (full 649):
 PSYoungGen      total 55296K, used 37887K [0x00000000f5580000, 0x00000000f9d80000, 0x0000000100000000)
  eden space 37888K, 99% used [0x00000000f5580000,0x00000000f7a7fff0,0x00000000f7a80000)
  from space 17408K, 0% used [0x00000000f7a80000,0x00000000f7a80000,0x00000000f8b80000)
  to   space 15360K, 0% used [0x00000000f8b80000,0x00000000f8b80000,0x00000000f9a80000)
 ParOldGen       total 349696K, used 349692K [0x00000000e0000000, 0x00000000f5580000, 0x00000000f5580000)
  object space 349696K, 99% used [0x00000000e0000000,0x00000000f557f0e0,0x00000000f5580000)
 Metaspace       used 54631K, committed 55424K, reserved 1105920K
  class space    used 5157K, committed 5568K, reserved 1048576K
}
Event: 987.875 GC heap after
{Heap after GC invocations=742 (full 649):
 PSYoungGen      total 53248K, used 37887K [0x00000000f5580000, 0x00000000f9d80000, 0x0000000100000000)
  eden space 37888K, 99% used [0x00000000f5580000,0x00000000f7a7ffd0,0x00000000f7a80000)
  from space 15360K, 0% used [0x00000000f8b80000,0x00000000f8b80000,0x00000000f9a80000)
  to   space 17408K, 0% used [0x00000000f7a80000,0x00000000f7a80000,0x00000000f8b80000)
 ParOldGen       total 349696K, used 349692K [0x00000000e0000000, 0x00000000f5580000, 0x00000000f5580000)
  object space 349696K, 99% used [0x00000000e0000000,0x00000000f557f0e0,0x00000000f5580000)
 Metaspace       used 54631K, committed 55424K, reserved 1105920K
  class space    used 5157K, committed 5568K, reserved 1048576K
}
Event: 987.876 GC heap before
{Heap before GC invocations=743 (full 650):
 PSYoungGen      total 53248K, used 37888K [0x00000000f5580000, 0x00000000f9d80000, 0x0000000100000000)
  eden space 37888K, 100% used [0x00000000f5580000,0x00000000f7a80000,0x00000000f7a80000)
  from space 15360K, 0% used [0x00000000f8b80000,0x00000000f8b80000,0x00000000f9a80000)
  to   space 17408K, 0% used [0x00000000f7a80000,0x00000000f7a80000,0x00000000f8b80000)
 ParOldGen       total 349696K, used 349692K [0x00000000e0000000, 0x00000000f5580000, 0x00000000f5580000)
  object space 349696K, 99% used [0x00000000e0000000,0x00000000f557f0e0,0x00000000f5580000)
 Metaspace       used 54631K, committed 55424K, reserved 1105920K
  class space    used 5157K, committed 5568K, reserved 1048576K
}
Event: 989.274 GC heap after
{Heap after GC invocations=743 (full 650):
 PSYoungGen      total 55296K, used 37888K [0x00000000f5580000, 0x00000000f9d80000, 0x0000000100000000)
  eden space 37888K, 100% used [0x00000000f5580000,0x00000000f7a80000,0x00000000f7a80000)
  from space 17408K, 0% used [0x00000000f7a80000,0x00000000f7a80000,0x00000000f8b80000)
  to   space 15360K, 0% used [0x00000000f8b80000,0x00000000f8b80000,0x00000000f9a80000)
 ParOldGen       total 349696K, used 349692K [0x00000000e0000000, 0x00000000f5580000, 0x00000000f5580000)
  object space 349696K, 99% used [0x00000000e0000000,0x00000000f557f0b0,0x00000000f5580000)
 Metaspace       used 54631K, committed 55424K, reserved 1105920K
  class space    used 5157K, committed 5568K, reserved 1048576K
}
Event: 989.274 GC heap before
{Heap before GC invocations=744 (full 651):
 PSYoungGen      total 55296K, used 37888K [0x00000000f5580000, 0x00000000f9d80000, 0x0000000100000000)
  eden space 37888K, 100% used [0x00000000f5580000,0x00000000f7a80000,0x00000000f7a80000)
  from space 17408K, 0% used [0x00000000f7a80000,0x00000000f7a80000,0x00000000f8b80000)
  to   space 15360K, 0% used [0x00000000f8b80000,0x00000000f8b80000,0x00000000f9a80000)
 ParOldGen       total 349696K, used 349694K [0x00000000e0000000, 0x00000000f5580000, 0x00000000f5580000)
  object space 349696K, 99% used [0x00000000e0000000,0x00000000f557fac8,0x00000000f5580000)
 Metaspace       used 54631K, committed 55424K, reserved 1105920K
  class space    used 5157K, committed 5568K, reserved 1048576K
}
Event: 990.670 GC heap after
{Heap after GC invocations=744 (full 651):
 PSYoungGen      total 53248K, used 37888K [0x00000000f5580000, 0x00000000f9d80000, 0x0000000100000000)
  eden space 37888K, 100% used [0x00000000f5580000,0x00000000f7a80000,0x00000000f7a80000)
  from space 15360K, 0% used [0x00000000f8b80000,0x00000000f8b80000,0x00000000f9a80000)
  to   space 17408K, 0% used [0x00000000f7a80000,0x00000000f7a80000,0x00000000f8b80000)
 ParOldGen       total 349696K, used 349693K [0x00000000e0000000, 0x00000000f5580000, 0x00000000f5580000)
  object space 349696K, 99% used [0x00000000e0000000,0x00000000f557f6e0,0x00000000f5580000)
 Metaspace       used 54631K, committed 55424K, reserved 1105920K
  class space    used 5157K, committed 5568K, reserved 1048576K
}
Event: 990.674 GC heap before
{Heap before GC invocations=745 (full 652):
 PSYoungGen      total 53248K, used 37888K [0x00000000f5580000, 0x00000000f9d80000, 0x0000000100000000)
  eden space 37888K, 100% used [0x00000000f5580000,0x00000000f7a80000,0x00000000f7a80000)
  from space 15360K, 0% used [0x00000000f8b80000,0x00000000f8b80000,0x00000000f9a80000)
  to   space 17408K, 0% used [0x00000000f7a80000,0x00000000f7a80000,0x00000000f8b80000)
 ParOldGen       total 349696K, used 349694K [0x00000000e0000000, 0x00000000f5580000, 0x00000000f5580000)
  object space 349696K, 99% used [0x00000000e0000000,0x00000000f557faa8,0x00000000f5580000)
 Metaspace       used 54631K, committed 55424K, reserved 1105920K
  class space    used 5157K, committed 5568K, reserved 1048576K
}
Event: 992.234 GC heap after
{Heap after GC invocations=745 (full 652):
 PSYoungGen      total 55296K, used 37888K [0x00000000f5580000, 0x00000000f9d80000, 0x0000000100000000)
  eden space 37888K, 100% used [0x00000000f5580000,0x00000000f7a80000,0x00000000f7a80000)
  from space 17408K, 0% used [0x00000000f7a80000,0x00000000f7a80000,0x00000000f8b80000)
  to   space 15360K, 0% used [0x00000000f8b80000,0x00000000f8b80000,0x00000000f9a80000)
 ParOldGen       total 349696K, used 349693K [0x00000000e0000000, 0x00000000f5580000, 0x00000000f5580000)
  object space 349696K, 99% used [0x00000000e0000000,0x00000000f557f718,0x00000000f5580000)
 Metaspace       used 54631K, committed 55424K, reserved 1105920K
  class space    used 5157K, committed 5568K, reserved 1048576K
}
Event: 992.234 GC heap before
{Heap before GC invocations=746 (full 653):
 PSYoungGen      total 55296K, used 37888K [0x00000000f5580000, 0x00000000f9d80000, 0x0000000100000000)
  eden space 37888K, 100% used [0x00000000f5580000,0x00000000f7a80000,0x00000000f7a80000)
  from space 17408K, 0% used [0x00000000f7a80000,0x00000000f7a80000,0x00000000f8b80000)
  to   space 15360K, 0% used [0x00000000f8b80000,0x00000000f8b80000,0x00000000f9a80000)
 ParOldGen       total 349696K, used 349693K [0x00000000e0000000, 0x00000000f5580000, 0x00000000f5580000)
  object space 349696K, 99% used [0x00000000e0000000,0x00000000f557f718,0x00000000f5580000)
 Metaspace       used 54631K, committed 55424K, reserved 1105920K
  class space    used 5157K, committed 5568K, reserved 1048576K
}
Event: 993.590 GC heap after
{Heap after GC invocations=746 (full 653):
 PSYoungGen      total 53248K, used 37888K [0x00000000f5580000, 0x00000000f9d80000, 0x0000000100000000)
  eden space 37888K, 100% used [0x00000000f5580000,0x00000000f7a80000,0x00000000f7a80000)
  from space 15360K, 0% used [0x00000000f8b80000,0x00000000f8b80000,0x00000000f9a80000)
  to   space 17408K, 0% used [0x00000000f7a80000,0x00000000f7a80000,0x00000000f8b80000)
 ParOldGen       total 349696K, used 349693K [0x00000000e0000000, 0x00000000f5580000, 0x00000000f5580000)
  object space 349696K, 99% used [0x00000000e0000000,0x00000000f557f718,0x00000000f5580000)
 Metaspace       used 54631K, committed 55424K, reserved 1105920K
  class space    used 5157K, committed 5568K, reserved 1048576K
}

Dll operation events (9 events):
Event: 0.002 Loaded shared library /nix/store/gpxl5qgg8kicmcvivwmybwjlpf7wh20l-graalvm17-ce-22.3.0/lib/libjava.so
Event: 0.007 Loaded shared library /nix/store/gpxl5qgg8kicmcvivwmybwjlpf7wh20l-graalvm17-ce-22.3.0/lib/libjsvml.so
Event: 0.171 Loaded shared library /nix/store/gpxl5qgg8kicmcvivwmybwjlpf7wh20l-graalvm17-ce-22.3.0/lib/libnio.so
Event: 0.173 Loaded shared library /nix/store/gpxl5qgg8kicmcvivwmybwjlpf7wh20l-graalvm17-ce-22.3.0/lib/libjvmcicompiler.so
Event: 0.238 Loaded shared library /nix/store/gpxl5qgg8kicmcvivwmybwjlpf7wh20l-graalvm17-ce-22.3.0/lib/libzip.so
Event: 0.537 Loaded shared library /nix/store/gpxl5qgg8kicmcvivwmybwjlpf7wh20l-graalvm17-ce-22.3.0/lib/libjimage.so
Event: 1.032 Loaded shared library /nix/store/gpxl5qgg8kicmcvivwmybwjlpf7wh20l-graalvm17-ce-22.3.0/lib/libnet.so
Event: 4.052 Loaded shared library /home/runner/.cache/jdt-language-server/config/org.eclipse.equinox.launcher/org.eclipse.equinox.launcher.gtk.linux.x86_64_1.2.400.v20211117-0650/eclipse_11600.so
Event: 13.160 Loaded shared library /nix/store/gpxl5qgg8kicmcvivwmybwjlpf7wh20l-graalvm17-ce-22.3.0/lib/libextnet.so

Deoptimization events (20 events):
Event: 494.781 Thread 0x00007f19840b2210 DEOPT PACKING pc=0x00007f196bb19e3a sp=0x00007f1968645ef0
Event: 494.781 Thread 0x00007f19840b2210 DEOPT UNPACKING pc=0x00007f196b505325 sp=0x00007f1968645458 mode 0
Event: 583.050 Thread 0x00007f18f01a9f20 Uncommon trap: trap_request=0xffffff8f fr.pc=0x00007f19730aa6ee relative=0x000000000000098e
Event: 583.050 Thread 0x00007f18f01a9f20 Uncommon trap: reason=constraint action=none pc=0x00007f19730aa6ee method=java.util.HashMap.putVal(ILjava/lang/Object;Ljava/lang/Object;ZZ)Ljava/lang/Object; @ 145 jvmci
Event: 583.050 Thread 0x00007f18f01a9f20 DEOPT PACKING pc=0x00007f19730aa6ee sp=0x00007f19398fd910
Event: 583.050 Thread 0x00007f18f01a9f20 DEOPT UNPACKING pc=0x00007f196b505325 sp=0x00007f19398fcdb0 mode 3
Event: 586.042 Thread 0x00007f18f01a9f20 Uncommon trap: trap_request=0xffffff8f fr.pc=0x00007f1972f8576e relative=0x00000000000000ce
Event: 586.042 Thread 0x00007f18f01a9f20 Uncommon trap: reason=constraint action=none pc=0x00007f1972f8576e method=java.util.HashMap.newNode(ILjava/lang/Object;Ljava/lang/Object;Ljava/util/HashMap$Node;)Ljava/util/HashMap$Node; @ 0 jvmci
Event: 586.042 Thread 0x00007f18f01a9f20 DEOPT PACKING pc=0x00007f1972f8576e sp=0x00007f19398fd870
Event: 586.042 Thread 0x00007f18f01a9f20 DEOPT UNPACKING pc=0x00007f196b505325 sp=0x00007f19398fcd18 mode 3
Event: 589.200 Thread 0x00007f18f01a9f20 DEOPT PACKING pc=0x00007f1972fad6c4 sp=0x00007f19398fd990
Event: 589.200 Thread 0x00007f18f01a9f20 DEOPT UNPACKING pc=0x00007f196b505325 sp=0x00007f19398fce60 mode 1
Event: 602.538 Thread 0x00007f18f01a52e0 Uncommon trap: trap_request=0xffffff8f fr.pc=0x00007f19731235b8 relative=0x0000000000000518
Event: 602.538 Thread 0x00007f18f01a52e0 Uncommon trap: reason=constraint action=none pc=0x00007f19731235b8 method=org.eclipse.jdt.core.compiler.CharOperation.concatWith([[CC)[C @ 59 jvmci
Event: 602.538 Thread 0x00007f18f01a52e0 DEOPT PACKING pc=0x00007f19731235b8 sp=0x00007f19325fda80
Event: 602.538 Thread 0x00007f18f01a52e0 DEOPT UNPACKING pc=0x00007f196b505325 sp=0x00007f19325fcf28 mode 3
Event: 620.267 Thread 0x00007f18f0167460 Uncommon trap: trap_request=0xffffff8f fr.pc=0x00007f19731c6387 relative=0x00000000000009c7
Event: 620.267 Thread 0x00007f18f0167460 Uncommon trap: reason=constraint action=none pc=0x00007f19731c6387 method=java.util.Hashtable.addEntry(ILjava/lang/Object;Ljava/lang/Object;I)V @ 42 jvmci
Event: 620.267 Thread 0x00007f18f0167460 DEOPT PACKING pc=0x00007f19731c6387 sp=0x00007f19399fdf60
Event: 620.267 Thread 0x00007f18f0167460 DEOPT UNPACKING pc=0x00007f196b505325 sp=0x00007f19399fd388 mode 3

Classes unloaded (20 events):
Event: 152.952 Thread 0x00007f19840a1c30 Unloading class 0x0000000801058800 'java/lang/invoke/LambdaForm$MH+0x0000000801058800'
Event: 152.952 Thread 0x00007f19840a1c30 Unloading class 0x0000000801058400 'java/lang/invoke/LambdaForm$MH+0x0000000801058400'
Event: 152.952 Thread 0x00007f19840a1c30 Unloading class 0x0000000801058000 'java/lang/invoke/LambdaForm$MH+0x0000000801058000'
Event: 152.952 Thread 0x00007f19840a1c30 Unloading class 0x0000000801056400 'java/lang/invoke/LambdaForm$MH+0x0000000801056400'
Event: 152.952 Thread 0x00007f19840a1c30 Unloading class 0x0000000800d98400 'java/lang/invoke/LambdaForm$MH+0x0000000800d98400'
Event: 152.952 Thread 0x00007f19840a1c30 Unloading class 0x0000000800d04000 'java/lang/invoke/LambdaForm$MH+0x0000000800d04000'
Event: 163.178 Thread 0x00007f19840a1c30 Unloading class 0x000000080108d400 'jdk/internal/reflect/GeneratedSerializationConstructorAccessor4'
Event: 163.178 Thread 0x00007f19840a1c30 Unloading class 0x000000080108d000 'jdk/internal/reflect/GeneratedSerializationConstructorAccessor3'
Event: 163.178 Thread 0x00007f19840a1c30 Unloading class 0x000000080108cc00 'jdk/internal/reflect/GeneratedSerializationConstructorAccessor2'
Event: 163.178 Thread 0x00007f19840a1c30 Unloading class 0x000000080108c800 'jdk/internal/reflect/GeneratedSerializationConstructorAccessor1'
Event: 183.178 Thread 0x00007f19840a1c30 Unloading class 0x0000000801139400 'jdk/internal/reflect/GeneratedConstructorAccessor33'
Event: 183.178 Thread 0x00007f19840a1c30 Unloading class 0x0000000801139000 'jdk/internal/reflect/GeneratedConstructorAccessor32'
Event: 183.178 Thread 0x00007f19840a1c30 Unloading class 0x0000000801138c00 'jdk/internal/reflect/GeneratedConstructorAccessor31'
Event: 183.178 Thread 0x00007f19840a1c30 Unloading class 0x0000000801138800 'jdk/internal/reflect/GeneratedConstructorAccessor30'
Event: 183.178 Thread 0x00007f19840a1c30 Unloading class 0x0000000801138400 'jdk/internal/reflect/GeneratedConstructorAccessor29'
Event: 759.862 Thread 0x00007f19840a1c30 Unloading class 0x0000000800d04000 'java/lang/invoke/LambdaForm$MH+0x0000000800d04000'
Event: 759.862 Thread 0x00007f19840a1c30 Unloading class 0x0000000801056400 'java/lang/invoke/LambdaForm$MH+0x0000000801056400'
Event: 759.862 Thread 0x00007f19840a1c30 Unloading class 0x0000000801138400 'java/lang/invoke/LambdaForm$MH+0x0000000801138400'
Event: 762.279 Thread 0x00007f19840a1c30 Unloading class 0x0000000800ef4000 'java/lang/invoke/LambdaForm$MH+0x0000000800ef4000'
Event: 915.140 Thread 0x00007f19840a1c30 Unloading class 0x0000000800eec800 'java/lang/invoke/LambdaForm$MH+0x0000000800eec800'

Classes redefined (0 events):
No events

Internal exceptions (20 events):
Event: 54.595 Thread 0x00007f1918313220 Exception <a 'java/lang/NoSuchMethodError'{0x00000000f55e3090}: 'java.lang.Object java.lang.invoke.DirectMethodHandle$Holder.invokeStatic(java.lang.Object, java.lang.Object, java.lang.Object, long)'> (0x00000000f55e3090) 
thrown [src/hotspot/share/interpreter/linkResolver.cpp, line 758]
Event: 54.596 Thread 0x00007f1918313220 Exception <a 'java/lang/NoSuchMethodError'{0x00000000f55ea9c8}: 'java.lang.Object java.lang.invoke.DirectMethodHandle$Holder.newInvokeSpecial(java.lang.Object, java.lang.Object, java.lang.Object, long)'> (0x00000000f55ea9c8) 
thrown [src/hotspot/share/interpreter/linkResolver.cpp, line 758]
Event: 54.596 Thread 0x00007f1918313220 Exception <a 'java/lang/NoSuchMethodError'{0x00000000f55eeae0}: 'java.lang.Object java.lang.invoke.DirectMethodHandle$Holder.invokeSpecial(java.lang.Object, java.lang.Object, java.lang.Object, java.lang.Object, long)'> (0x00000000f55eeae0) 
thrown [src/hotspot/share/interpreter/linkResolver.cpp, line 758]
Event: 54.597 Thread 0x00007f1918313220 Exception <a 'java/lang/NoSuchMethodError'{0x00000000f55f2648}: 'java.lang.Object java.lang.invoke.Invokers$Holder.linkToTargetMethod(java.lang.Object, java.lang.Object, long, java.lang.Object)'> (0x00000000f55f2648) 
thrown [src/hotspot/share/interpreter/linkResolver.cpp, line 758]
Event: 476.539 Thread 0x00007f18f01ab040 Exception <a 'java/lang/OutOfMemoryError'{0x00000000e0004310}> (0x00000000e0004310) 
thrown [src/hotspot/share/gc/shared/memAllocator.cpp, line 136]
Event: 487.645 Thread 0x00007f18f01ab040 Exception <a 'java/lang/OutOfMemoryError'{0x00000000e00045e0}> (0x00000000e00045e0) 
thrown [src/hotspot/share/gc/shared/memAllocator.cpp, line 136]
Event: 583.050 Thread 0x00007f18f01a9f20 Exception <a 'java/lang/OutOfMemoryError'{0x00000000e00045e0}> (0x00000000e00045e0) 
thrown [src/hotspot/share/gc/shared/memAllocator.cpp, line 138]
Event: 583.050 Thread 0x00007f18f01a9f20 Implicit null exception at 0x00007f19730aa45f to 0x00007f19730aa6d3
Event: 586.042 Thread 0x00007f18f01a9f20 Exception <a 'java/lang/OutOfMemoryError'{0x00000000e00045e0}> (0x00000000e00045e0) 
thrown [src/hotspot/share/gc/shared/memAllocator.cpp, line 138]
Event: 586.042 Thread 0x00007f18f01a9f20 Implicit null exception at 0x00007f1972f8574f to 0x00007f1972f85753
Event: 589.200 Thread 0x00007f18f01a9f20 Exception <a 'java/lang/OutOfMemoryError'{0x00000000e0004900}> (0x00000000e0004900) 
thrown [src/hotspot/share/gc/shared/memAllocator.cpp, line 136]
Event: 602.538 Thread 0x00007f18f01a52e0 Exception <a 'java/lang/OutOfMemoryError'{0x00000000e00045e0}> (0x00000000e00045e0) 
thrown [src/hotspot/share/gc/shared/memAllocator.cpp, line 138]
Event: 602.538 Thread 0x00007f18f01a52e0 Implicit null exception at 0x00007f1973123396 to 0x00007f197312359d
Event: 605.447 Thread 0x00007f18f01a52e0 Exception <a 'java/lang/OutOfMemoryError'{0x00000000e0004900}> (0x00000000e0004900) 
thrown [src/hotspot/share/gc/shared/memAllocator.cpp, line 136]
Event: 614.222 Thread 0x00007f18f019c530 Exception <a 'java/lang/OutOfMemoryError'{0x00000000e0004900}> (0x00000000e0004900) 
thrown [src/hotspot/share/gc/shared/memAllocator.cpp, line 136]
Event: 620.267 Thread 0x00007f18f0167460 Exception <a 'java/lang/OutOfMemoryError'{0x00000000e00045e0}> (0x00000000e00045e0) 
thrown [src/hotspot/share/gc/shared/memAllocator.cpp, line 138]
Event: 620.267 Thread 0x00007f18f0167460 Implicit null exception at 0x00007f19731c5ed1 to 0x00007f19731c636c
Event: 622.991 Thread 0x00007f18f0167460 Exception <a 'java/lang/OutOfMemoryError'{0x00000000e0004900}> (0x00000000e0004900) 
thrown [src/hotspot/share/gc/shared/memAllocator.cpp, line 136]
Event: 840.280 Thread 0x00007f18f01a6470 Exception <a 'java/lang/OutOfMemoryError'{0x00000000e0004900}> (0x00000000e0004900) 
thrown [src/hotspot/share/gc/shared/memAllocator.cpp, line 136]
Event: 993.590 Thread 0x00007f19840b2210 Exception <a 'java/lang/OutOfMemoryError'{0x00000000e0004900}> (0x00000000e0004900) 
thrown [src/hotspot/share/gc/shared/memAllocator.cpp, line 136]

VM Operations (20 events):
Event: 979.193 Executing VM operation: ParallelGCFailedAllocation done
Event: 979.193 Executing VM operation: ParallelGCFailedAllocation
Event: 980.653 Executing VM operation: ParallelGCFailedAllocation done
Event: 980.653 Executing VM operation: ParallelGCFailedAllocation
Event: 982.099 Executing VM operation: ParallelGCFailedAllocation done
Event: 982.100 Executing VM operation: ParallelGCFailedAllocation
Event: 983.537 Executing VM operation: ParallelGCFailedAllocation done
Event: 983.537 Executing VM operation: ParallelGCFailedAllocation
Event: 985.071 Executing VM operation: ParallelGCFailedAllocation done
Event: 985.071 Executing VM operation: ParallelGCFailedAllocation
Event: 986.459 Executing VM operation: ParallelGCFailedAllocation done
Event: 986.459 Executing VM operation: ParallelGCFailedAllocation
Event: 987.875 Executing VM operation: ParallelGCFailedAllocation done
Event: 987.876 Executing VM operation: ParallelGCFailedAllocation
Event: 989.274 Executing VM operation: ParallelGCFailedAllocation done
Event: 989.274 Executing VM operation: ParallelGCFailedAllocation
Event: 990.670 Executing VM operation: ParallelGCFailedAllocation done
Event: 990.671 Executing VM operation: ParallelGCFailedAllocation
Event: 993.590 Executing VM operation: ParallelGCFailedAllocation done
Event: 993.590 Executing VM operation: ParallelGCFailedAllocation

Events (20 events):
Event: 625.854 loading class java/time/ZonedDateTime
Event: 625.855 loading class java/time/chrono/ChronoZonedDateTime
Event: 625.858 loading class java/time/chrono/ChronoZonedDateTime done
Event: 625.859 loading class java/time/ZonedDateTime done
Event: 625.859 loading class java/util/logging/LogRecord$CallerFinder
Event: 625.860 loading class java/util/logging/LogRecord$CallerFinder done
Event: 625.869 loading class java/lang/StackStreamFactory
Event: 625.869 loading class java/lang/StackStreamFactory done
Event: 625.869 loading class java/lang/StackWalker$ExtendedOption
Event: 625.870 loading class java/lang/StackWalker$ExtendedOption done
Event: 625.870 loading class java/lang/StackStreamFactory$StackFrameTraverser
Event: 625.870 loading class java/lang/StackStreamFactory$StackFrameTraverser done
Event: 625.870 loading class java/lang/StackStreamFactory$WalkerState
Event: 625.870 loading class java/lang/StackStreamFactory$WalkerState done
Event: 625.870 loading class java/lang/StackStreamFactory$1
Event: 625.871 loading class java/lang/StackStreamFactory$1 done
Event: 625.871 loading class java/lang/StackStreamFactory$StackFrameTraverser$StackFrameBuffer
Event: 625.871 loading class java/lang/StackStreamFactory$FrameBuffer
Event: 625.871 loading class java/lang/StackStreamFactory$FrameBuffer done
Event: 625.871 loading class java/lang/StackStreamFactory$StackFrameTraverser$StackFrameBuffer done


Dynamic libraries:
e0000000-f5580000 rw-p 00000000 00:00 0 
f5580000-f9d80000 rw-p 00000000 00:00 0 
f9d80000-100000000 ---p 00000000 00:00 0 
800000000-800449000 rw-p 00001000 00:1379 9223372037562745673            /nix/store/gpxl5qgg8kicmcvivwmybwjlpf7wh20l-graalvm17-ce-22.3.0/lib/server/classes.jsa
800449000-800bc8000 r--p 0044a000 00:1379 9223372037562745673            /nix/store/gpxl5qgg8kicmcvivwmybwjlpf7wh20l-graalvm17-ce-22.3.0/lib/server/classes.jsa
800bc8000-800c00000 ---p 00000000 00:00 0 
800c00000-800c20000 rw-p 00000000 00:00 0 
800c20000-800c40000 rw-p 00000000 00:00 0 
800c40000-800cc0000 rw-p 00000000 00:00 0 
800cc0000-800d00000 rw-p 00000000 00:00 0 
800d00000-800dc0000 rw-p 00000000 00:00 0 
800dc0000-800e00000 rw-p 00000000 00:00 0 
800e00000-800f40000 rw-p 00000000 00:00 0 
800f40000-800fc0000 rw-p 00000000 00:00 0 
800fc0000-801000000 rw-p 00000000 00:00 0 
801000000-801170000 rw-p 00000000 00:00 0 
801170000-840c00000 ---p 00000000 00:00 0 
55a15f7e1000-55a15f7e2000 r-xp 00000000 00:1379 9223372037526805748      /nix/store/gpxl5qgg8kicmcvivwmybwjlpf7wh20l-graalvm17-ce-22.3.0/bin/.java-wrapped
55a15f7e3000-55a15f7e4000 r--p 00001000 00:1379 9223372037526805748      /nix/store/gpxl5qgg8kicmcvivwmybwjlpf7wh20l-graalvm17-ce-22.3.0/bin/.java-wrapped
55a15f7e4000-55a15f7e5000 rw-p 00002000 00:1379 9223372037526805748      /nix/store/gpxl5qgg8kicmcvivwmybwjlpf7wh20l-graalvm17-ce-22.3.0/bin/.java-wrapped
55a15f7e5000-55a15f7e6000 rw-p 00004000 00:1379 9223372037526805748      /nix/store/gpxl5qgg8kicmcvivwmybwjlpf7wh20l-graalvm17-ce-22.3.0/bin/.java-wrapped
55a15f7e6000-55a15f7e7000 rw-p 00005000 00:1379 9223372037526805748      /nix/store/gpxl5qgg8kicmcvivwmybwjlpf7wh20l-graalvm17-ce-22.3.0/bin/.java-wrapped
55a15f81b000-55a15f863000 rw-p 00000000 00:00 0                          [heap]
7f18b4000000-7f18b4021000 rw-p 00000000 00:00 0 
7f18b4021000-7f18b8000000 ---p 00000000 00:00 0 
7f18b8000000-7f18b8021000 rw-p 00000000 00:00 0 
7f18b8021000-7f18bc000000 ---p 00000000 00:00 0 
7f18bc000000-7f18bc021000 rw-p 00000000 00:00 0 
7f18bc021000-7f18c0000000 ---p 00000000 00:00 0 
7f18c0000000-7f18c0021000 rw-p 00000000 00:00 0 
7f18c0021000-7f18c4000000 ---p 00000000 00:00 0 
7f18c4000000-7f18c4021000 rw-p 00000000 00:00 0 
7f18c4021000-7f18c8000000 ---p 00000000 00:00 0 
7f18c8000000-7f18c8021000 rw-p 00000000 00:00 0 
7f18c8021000-7f18cc000000 ---p 00000000 00:00 0 
7f18cc000000-7f18cc03c000 rw-p 00000000 00:00 0 
7f18cc03c000-7f18d0000000 ---p 00000000 00:00 0 
7f18d0000000-7f18d0021000 rw-p 00000000 00:00 0 
7f18d0021000-7f18d4000000 ---p 00000000 00:00 0 
7f18d4000000-7f18d4021000 rw-p 00000000 00:00 0 
7f18d4021000-7f18d8000000 ---p 00000000 00:00 0 
7f18d9800000-7f18d9940000 rw-p 00000000 00:00 0 
7f18d9940000-7f18da000000 ---p 00000000 00:00 0 
7f18da4b3000-7f18e4000000 r--s 00000000 00:1379 9223372037562580485      /nix/store/gpxl5qgg8kicmcvivwmybwjlpf7wh20l-graalvm17-ce-22.3.0/lib/modules
7f18e4000000-7f18e4124000 rw-p 00000000 00:00 0 
7f18e4124000-7f18e8000000 ---p 00000000 00:00 0 
7f18e8000000-7f18e8021000 rw-p 00000000 00:00 0 
7f18e8021000-7f18ec000000 ---p 00000000 00:00 0 
7f18ec000000-7f18ec120000 rw-p 00000000 00:00 0 
7f18ec120000-7f18f0000000 ---p 00000000 00:00 0 
7f18f0000000-7f18f01e9000 rw-p 00000000 00:00 0 
7f18f01e9000-7f18f4000000 ---p 00000000 00:00 0 
7f18f4000000-7f18f4021000 rw-p 00000000 00:00 0 
7f18f4021000-7f18f8000000 ---p 00000000 00:00 0 
7f18f8000000-7f18f8021000 rw-p 00000000 00:00 0 
7f18f8021000-7f18fc000000 ---p 00000000 00:00 0 
7f18fc000000-7f18fc03b000 rw-p 00000000 00:00 0 
7f18fc03b000-7f1900000000 ---p 00000000 00:00 0 
7f1900000000-7f1900093000 rw-p 00000000 00:00 0 
7f1900093000-7f1904000000 ---p 00000000 00:00 0 
7f1904000000-7f1904021000 rw-p 00000000 00:00 0 
7f1904021000-7f1908000000 ---p 00000000 00:00 0 
7f1908000000-7f1908358000 rw-p 00000000 00:00 0 
7f1908358000-7f190c000000 ---p 00000000 00:00 0 
7f190c000000-7f190c07e000 rw-p 00000000 00:00 0 
7f190c07e000-7f1910000000 ---p 00000000 00:00 0 
7f1910000000-7f1910021000 rw-p 00000000 00:00 0 
7f1910021000-7f1914000000 ---p 00000000 00:00 0 
7f1915800000-7f1915d00000 rw-p 00000000 00:00 0 
7f1915d00000-7f1915d70000 rw-p 00000000 00:00 0 
7f1915d70000-7f1915e00000 ---p 00000000 00:00 0 
7f1915e00000-7f1916000000 rw-p 00000000 00:00 0 
7f1916000000-7f1916100000 rw-p 00000000 00:00 0 
7f1916100000-7f1916200000 rw-p 00000000 00:00 0 
7f1916200000-7f19166a0000 rw-p 00000000 00:00 0 
7f19166a0000-7f1916800000 rw-p 00000000 00:00 0 
7f1916800000-7f1916900000 rw-p 00000000 00:00 0 
7f1916900000-7f1916b00000 rw-p 00000000 00:00 0 
7f1916b00000-7f1916d00000 rw-p 00000000 00:00 0 
7f1916d00000-7f1916e00000 rw-p 00000000 00:00 0 
7f1916e00000-7f1917000000 rw-p 00000000 00:00 0 
7f1917000000-7f1917100000 rw-p 00000000 00:00 0 
7f1917100000-7f1917200000 rw-p 00000000 00:00 0 
7f1917200000-7f1917780000 rw-p 00000000 00:00 0 
7f1917780000-7f1917800000 rw-p 00000000 00:00 0 
7f1917800000-7f1917900000 rw-p 00000000 00:00 0 
7f1917900000-7f1917a00000 rw-p 00000000 00:00 0 
7f1917a00000-7f1917d00000 rw-p 00000000 00:00 0 
7f1917d00000-7f1917e00000 rw-p 00000000 00:00 0 
7f1917e00000-7f1918000000 rw-p 00000000 00:00 0 
7f1918000000-7f19188ca000 rw-p 00000000 00:00 0 
7f19188ca000-7f191c000000 ---p 00000000 00:00 0 
7f191c000000-7f191c02e000 rw-p 00000000 00:00 0 
7f191c02e000-7f1920000000 ---p 00000000 00:00 0 
7f1920000000-7f1920021000 rw-p 00000000 00:00 0 
7f1920021000-7f1924000000 ---p 00000000 00:00 0 
7f1924000000-7f1924021000 rw-p 00000000 00:00 0 
7f1924021000-7f1928000000 ---p 00000000 00:00 0 
7f1928000000-7f1928021000 rw-p 00000000 00:00 0 
7f1928021000-7f192c000000 ---p 00000000 00:00 0 
7f192c000000-7f192c021000 rw-p 00000000 00:00 0 
7f192c021000-7f1930000000 ---p 00000000 00:00 0 
7f1930200000-7f1930210000 r-xp 00000000 00:136b 353                      /home/runner/.cache/jdt-language-server/config/org.eclipse.equinox.launcher/org.eclipse.equinox.launcher.gtk.linux.x86_64_1.2.400.v20211117-0650/eclipse_11600.so
7f1930210000-7f193040f000 ---p 00010000 00:136b 353                      /home/runner/.cache/jdt-language-server/config/org.eclipse.equinox.launcher/org.eclipse.equinox.launcher.gtk.linux.x86_64_1.2.400.v20211117-0650/eclipse_11600.so
7f193040f000-7f1930410000 r--p 0000f000 00:136b 353                      /home/runner/.cache/jdt-language-server/config/org.eclipse.equinox.launcher/org.eclipse.equinox.launcher.gtk.linux.x86_64_1.2.400.v20211117-0650/eclipse_11600.so
7f1930410000-7f1930411000 rw-p 00010000 00:136b 353                      /home/runner/.cache/jdt-language-server/config/org.eclipse.equinox.launcher/org.eclipse.equinox.launcher.gtk.linux.x86_64_1.2.400.v20211117-0650/eclipse_11600.so
7f1931300000-7f1931400000 ---p 00000000 00:00 0 
7f1931400000-7f19319af000 r--p 01122000 00:1379 9223372037562577944      /nix/store/gpxl5qgg8kicmcvivwmybwjlpf7wh20l-graalvm17-ce-22.3.0/lib/libjvmcicompiler.so
7f19319af000-7f1931b00000 r--p 00000000 00:00 0 
7f1931b00000-7f1931b3d000 rw-p 00000000 00:00 0 
7f1931b3d000-7f193205d000 rw-p 0185f000 00:1379 9223372037562577944      /nix/store/gpxl5qgg8kicmcvivwmybwjlpf7wh20l-graalvm17-ce-22.3.0/lib/libjvmcicompiler.so
7f193205d000-7f1932444000 r--p 01d7f000 00:1379 9223372037562577944      /nix/store/gpxl5qgg8kicmcvivwmybwjlpf7wh20l-graalvm17-ce-22.3.0/lib/libjvmcicompiler.so
7f1932500000-7f1932504000 ---p 00000000 00:00 0 
7f1932504000-7f1932600000 rw-p 00000000 00:00 0 
7f1932700000-7f1932704000 ---p 00000000 00:00 0 
7f1932704000-7f1932800000 rw-p 00000000 00:00 0 
7f1932900000-7f1932904000 ---p 00000000 00:00 0 
7f1932904000-7f1932a00000 rw-p 00000000 00:00 0 
7f1932b00000-7f1932b04000 ---p 00000000 00:00 0 
7f1932b04000-7f1932c00000 rw-p 00000000 00:00 0 
7f1932d00000-7f1932d04000 ---p 00000000 00:00 0 
7f1932d04000-7f1932e00000 rw-p 00000000 00:00 0 
7f1932f00000-7f1932f04000 ---p 00000000 00:00 0 
7f1932f04000-7f1933000000 rw-p 00000000 00:00 0 
7f1933100000-7f1933104000 ---p 00000000 00:00 0 
7f1933104000-7f1933200000 rw-p 00000000 00:00 0 
7f1933300000-7f1933304000 ---p 00000000 00:00 0 
7f1933304000-7f1933400000 rw-p 00000000 00:00 0 
7f1933500000-7f1933504000 ---p 00000000 00:00 0 
7f1933504000-7f1933600000 rw-p 00000000 00:00 0 
7f1933700000-7f1933704000 ---p 00000000 00:00 0 
7f1933704000-7f1933800000 rw-p 00000000 00:00 0 
7f1933900000-7f1933904000 ---p 00000000 00:00 0 
7f1933904000-7f1933a00000 rw-p 00000000 00:00 0 
7f1933b00000-7f1933b04000 ---p 00000000 00:00 0 
7f1933b04000-7f1933c00000 rw-p 00000000 00:00 0 
7f1933d00000-7f1933d04000 ---p 00000000 00:00 0 
7f1933d04000-7f1933e00000 rw-p 00000000 00:00 0 
7f1933f00000-7f1933f04000 ---p 00000000 00:00 0 
7f1933f04000-7f1934000000 rw-p 00000000 00:00 0 
7f1934000000-7f1934021000 rw-p 00000000 00:00 0 
7f1934021000-7f1938000000 ---p 00000000 00:00 0 
7f1938100000-7f1938104000 ---p 00000000 00:00 0 
7f1938104000-7f1938200000 rw-p 00000000 00:00 0 
7f1938300000-7f1938304000 ---p 00000000 00:00 0 
7f1938304000-7f1938400000 rw-p 00000000 00:00 0 
7f1938500000-7f1938504000 ---p 00000000 00:00 0 
7f1938504000-7f1938600000 rw-p 00000000 00:00 0 
7f1938700000-7f1938704000 ---p 00000000 00:00 0 
7f1938704000-7f1938800000 rw-p 00000000 00:00 0 
7f1938868000-7f1938d00000 rw-p 00000000 00:00 0 
7f1938e00000-7f1938e04000 ---p 00000000 00:00 0 
7f1938e04000-7f1938f00000 rw-p 00000000 00:00 0 
7f1939000000-7f1939004000 ---p 00000000 00:00 0 
7f1939004000-7f1939100000 rw-p 00000000 00:00 0 
7f1939200000-7f1939204000 ---p 00000000 00:00 0 
7f1939204000-7f1939300000 rw-p 00000000 00:00 0 
7f1939400000-7f1939404000 ---p 00000000 00:00 0 
7f1939404000-7f1939500000 rw-p 00000000 00:00 0 
7f1939500000-7f1939504000 ---p 00000000 00:00 0 
7f1939504000-7f1939600000 rw-p 00000000 00:00 0 
7f1939700000-7f1939704000 ---p 00000000 00:00 0 
7f1939704000-7f1939800000 rw-p 00000000 00:00 0 
7f1939800000-7f1939804000 ---p 00000000 00:00 0 
7f1939804000-7f1939900000 rw-p 00000000 00:00 0 
7f1939900000-7f1939904000 ---p 00000000 00:00 0 
7f1939904000-7f1939a00000 rw-p 00000000 00:00 0 
7f1939a00000-7f193bb6a000 r-xp 00000000 00:1379 9223372037562577944      /nix/store/gpxl5qgg8kicmcvivwmybwjlpf7wh20l-graalvm17-ce-22.3.0/lib/libjvmcicompiler.so
7f193bb6a000-7f193bd69000 ---p 0216a000 00:1379 9223372037562577944      /nix/store/gpxl5qgg8kicmcvivwmybwjlpf7wh20l-graalvm17-ce-22.3.0/lib/libjvmcicompiler.so
7f193bd69000-7f193bd6a000 r--p 02169000 00:1379 9223372037562577944      /nix/store/gpxl5qgg8kicmcvivwmybwjlpf7wh20l-graalvm17-ce-22.3.0/lib/libjvmcicompiler.so
7f193bd6a000-7f193bd6c000 rw-p 0216a000 00:1379 9223372037562577944      /nix/store/gpxl5qgg8kicmcvivwmybwjlpf7wh20l-graalvm17-ce-22.3.0/lib/libjvmcicompiler.so
7f193bd6c000-7f193bd6d000 rw-p 00000000 00:00 0 
7f193bd6d000-7f193bd72000 rw-p 023c3000 00:1379 9223372037562577944      /nix/store/gpxl5qgg8kicmcvivwmybwjlpf7wh20l-graalvm17-ce-22.3.0/lib/libjvmcicompiler.so
7f193bddc000-7f193bde0000 ---p 00000000 00:00 0 
7f193bde0000-7f193bdfe000 rw-p 00000000 00:00 0 
7f193bdfe000-7f193bdff000 ---p 00000000 00:00 0 
7f193bdff000-7f193bf00000 rw-p 00000000 00:00 0 
7f193bf00000-7f193bf04000 ---p 00000000 00:00 0 
7f193bf04000-7f193c000000 rw-p 00000000 00:00 0 
7f193c000000-7f193c021000 rw-p 00000000 00:00 0 
7f193c021000-7f1940000000 ---p 00000000 00:00 0 
7f1940000000-7f1940021000 rw-p 00000000 00:00 0 
7f1940021000-7f1944000000 ---p 00000000 00:00 0 
7f1944000000-7f19440e6000 rw-p 00000000 00:00 0 
7f19440e6000-7f1948000000 ---p 00000000 00:00 0 
7f1948000000-7f1948c19000 rw-p 00000000 00:00 0 
7f1948c19000-7f194c000000 ---p 00000000 00:00 0 
7f194c000000-7f194c021000 rw-p 00000000 00:00 0 
7f194c021000-7f1950000000 ---p 00000000 00:00 0 
7f1950000000-7f1950021000 rw-p 00000000 00:00 0 
7f1950021000-7f1954000000 ---p 00000000 00:00 0 
7f1954000000-7f1954021000 rw-p 00000000 00:00 0 
7f1954021000-7f1958000000 ---p 00000000 00:00 0 
7f1958000000-7f1958021000 rw-p 00000000 00:00 0 
7f1958021000-7f195c000000 ---p 00000000 00:00 0 
7f195c000000-7f195c021000 rw-p 00000000 00:00 0 
7f195c021000-7f1960000000 ---p 00000000 00:00 0 
7f1960000000-7f1960021000 rw-p 00000000 00:00 0 
7f1960021000-7f1964000000 ---p 00000000 00:00 0 
7f1964000000-7f1964058000 rw-p 00000000 00:00 0 
7f1964058000-7f1968000000 ---p 00000000 00:00 0 
7f1968002000-7f1968004000 r-xp 00000000 00:1379 9223372037562577921      /nix/store/gpxl5qgg8kicmcvivwmybwjlpf7wh20l-graalvm17-ce-22.3.0/lib/libextnet.so
7f1968004000-7f1968005000 r--p 00001000 00:1379 9223372037562577921      /nix/store/gpxl5qgg8kicmcvivwmybwjlpf7wh20l-graalvm17-ce-22.3.0/lib/libextnet.so
7f1968005000-7f1968006000 rw-p 00002000 00:1379 9223372037562577921      /nix/store/gpxl5qgg8kicmcvivwmybwjlpf7wh20l-graalvm17-ce-22.3.0/lib/libextnet.so
7f1968006000-7f1968007000 rw-p 00004000 00:1379 9223372037562577921      /nix/store/gpxl5qgg8kicmcvivwmybwjlpf7wh20l-graalvm17-ce-22.3.0/lib/libextnet.so
7f1968007000-7f196800e000 r-xp 00000000 00:1379 9223372037562580484      /nix/store/gpxl5qgg8kicmcvivwmybwjlpf7wh20l-graalvm17-ce-22.3.0/lib/libzip.so
7f196800e000-7f196800f000 ---p 00007000 00:1379 9223372037562580484      /nix/store/gpxl5qgg8kicmcvivwmybwjlpf7wh20l-graalvm17-ce-22.3.0/lib/libzip.so
7f196800f000-7f1968010000 r--p 00007000 00:1379 9223372037562580484      /nix/store/gpxl5qgg8kicmcvivwmybwjlpf7wh20l-graalvm17-ce-22.3.0/lib/libzip.so
7f1968010000-7f1968011000 rw-p 00008000 00:1379 9223372037562580484      /nix/store/gpxl5qgg8kicmcvivwmybwjlpf7wh20l-graalvm17-ce-22.3.0/lib/libzip.so
7f1968011000-7f1968013000 rw-p 0000b000 00:1379 9223372037562580484      /nix/store/gpxl5qgg8kicmcvivwmybwjlpf7wh20l-graalvm17-ce-22.3.0/lib/libzip.so
7f1968013000-7f1968028000 r-xp 00000000 00:1379 9223372037562580474      /nix/store/gpxl5qgg8kicmcvivwmybwjlpf7wh20l-graalvm17-ce-22.3.0/lib/libnet.so
7f1968028000-7f1968029000 ---p 00015000 00:1379 9223372037562580474      /nix/store/gpxl5qgg8kicmcvivwmybwjlpf7wh20l-graalvm17-ce-22.3.0/lib/libnet.so
7f1968029000-7f196802a000 r--p 00015000 00:1379 9223372037562580474      /nix/store/gpxl5qgg8kicmcvivwmybwjlpf7wh20l-graalvm17-ce-22.3.0/lib/libnet.so
7f196802a000-7f196802b000 rw-p 00016000 00:1379 9223372037562580474      /nix/store/gpxl5qgg8kicmcvivwmybwjlpf7wh20l-graalvm17-ce-22.3.0/lib/libnet.so
7f196802b000-7f196802e000 rw-p 0001b000 00:1379 9223372037562580474      /nix/store/gpxl5qgg8kicmcvivwmybwjlpf7wh20l-graalvm17-ce-22.3.0/lib/libnet.so
7f196802e000-7f1968041000 r-xp 00000000 00:1379 9223372037562580475      /nix/store/gpxl5qgg8kicmcvivwmybwjlpf7wh20l-graalvm17-ce-22.3.0/lib/libnio.so
7f1968041000-7f1968042000 r--p 00012000 00:1379 9223372037562580475      /nix/store/gpxl5qgg8kicmcvivwmybwjlpf7wh20l-graalvm17-ce-22.3.0/lib/libnio.so
7f1968042000-7f1968043000 rw-p 00013000 00:1379 9223372037562580475      /nix/store/gpxl5qgg8kicmcvivwmybwjlpf7wh20l-graalvm17-ce-22.3.0/lib/libnio.so
7f1968043000-7f1968048000 rw-p 00019000 00:1379 9223372037562580475      /nix/store/gpxl5qgg8kicmcvivwmybwjlpf7wh20l-graalvm17-ce-22.3.0/lib/libnio.so
7f1968048000-7f196804c000 ---p 00000000 00:00 0 
7f196804c000-7f1968148000 rw-p 00000000 00:00 0 
7f1968148000-7f196814c000 ---p 00000000 00:00 0 
7f196814c000-7f1968248000 rw-p 00000000 00:00 0 
7f1968248000-7f196824c000 ---p 00000000 00:00 0 
7f196824c000-7f1968448000 rw-p 00000000 00:00 0 
7f1968448000-7f196844c000 ---p 00000000 00:00 0 
7f196844c000-7f1968648000 rw-p 00000000 00:00 0 
7f1968648000-7f196864c000 ---p 00000000 00:00 0 
7f196864c000-7f1968748000 rw-p 00000000 00:00 0 
7f1968748000-7f196874c000 ---p 00000000 00:00 0 
7f196874c000-7f1968848000 rw-p 00000000 00:00 0 
7f1968848000-7f196884c000 ---p 00000000 00:00 0 
7f196884c000-7f1968948000 rw-p 00000000 00:00 0 
7f1968948000-7f1968c2e000 r--p 00000000 00:1368 28444448                 /usr/lib/locale/locale-archive
7f1968c2e000-7f1968c32000 ---p 00000000 00:00 0 
7f1968c32000-7f1968d2e000 rw-p 00000000 00:00 0 
7f1968d2e000-7f1968d32000 ---p 00000000 00:00 0 
7f1968d32000-7f1968e2e000 rw-p 00000000 00:00 0 
7f1968e2e000-7f1968e2f000 ---p 00000000 00:00 0 
7f1968e2f000-7f1968f30000 rw-p 00000000 00:00 0 
7f1968f30000-7f1968ffe000 r-xp 00000000 00:1379 9223372037562577940      /nix/store/gpxl5qgg8kicmcvivwmybwjlpf7wh20l-graalvm17-ce-22.3.0/lib/libjsvml.so
7f1968ffe000-7f1968fff000 r--p 000cd000 00:1379 9223372037562577940      /nix/store/gpxl5qgg8kicmcvivwmybwjlpf7wh20l-graalvm17-ce-22.3.0/lib/libjsvml.so
7f1968fff000-7f1969000000 rw-p 000ce000 00:1379 9223372037562577940      /nix/store/gpxl5qgg8kicmcvivwmybwjlpf7wh20l-graalvm17-ce-22.3.0/lib/libjsvml.so
7f1969000000-7f1969400000 rw-p 00000000 00:00 0 
7f1969400000-7f1969700000 rw-p 00000000 00:00 0 
7f1969700000-7f1969800000 rw-p 00000000 00:00 0 
7f1969802000-7f196b0da000 rw-p 00000000 00:00 0 
7f196b0da000-7f196b0db000 ---p 00000000 00:00 0 
7f196b0db000-7f196b286000 rw-p 00000000 00:00 0 
7f196b286000-7f196b2ab000 rw-p 00000000 00:00 0 
7f196b2ab000-7f196b2dc000 ---p 00000000 00:00 0 
7f196b2dc000-7f196b2e2000 rw-p 00000000 00:00 0 
7f196b2e2000-7f196b3c8000 ---p 00000000 00:00 0 
7f196b3c8000-7f196b3ed000 rw-p 00000000 00:00 0 
7f196b3ed000-7f196b4b3000 ---p 00000000 00:00 0 
7f196b4b3000-7f196b723000 rwxp 00000000 00:00 0 
7f196b723000-7f196ba42000 ---p 00000000 00:00 0 
7f196ba42000-7f196cc72000 rwxp 00000000 00:00 0 
7f196cc72000-7f1972f7a000 ---p 00000000 00:00 0 
7f1972f7a000-7f19731fa000 rwxp 00000000 00:00 0 
7f19731fa000-7f197a4b3000 ---p 00000000 00:00 0 
7f197a4b3000-7f1984000000 r--s 00000000 00:1379 9223372037562580485      /nix/store/gpxl5qgg8kicmcvivwmybwjlpf7wh20l-graalvm17-ce-22.3.0/lib/modules
7f1984000000-7f1984622000 rw-p 00000000 00:00 0 
7f1984622000-7f1988000000 ---p 00000000 00:00 0 
7f1988000000-7f1988005000 rw-p 00000000 00:00 0 
7f1988005000-7f198800c000 ---p 00000000 00:00 0 
7f198800c000-7f1988030000 r-xp 00000000 00:1379 9223372037562577932      /nix/store/gpxl5qgg8kicmcvivwmybwjlpf7wh20l-graalvm17-ce-22.3.0/lib/libjava.so
7f1988030000-7f1988031000 ---p 00024000 00:1379 9223372037562577932      /nix/store/gpxl5qgg8kicmcvivwmybwjlpf7wh20l-graalvm17-ce-22.3.0/lib/libjava.so
7f1988031000-7f1988032000 r--p 00024000 00:1379 9223372037562577932      /nix/store/gpxl5qgg8kicmcvivwmybwjlpf7wh20l-graalvm17-ce-22.3.0/lib/libjava.so
7f1988032000-7f1988033000 rw-p 00025000 00:1379 9223372037562577932      /nix/store/gpxl5qgg8kicmcvivwmybwjlpf7wh20l-graalvm17-ce-22.3.0/lib/libjava.so
7f1988033000-7f1988034000 rw-p 00000000 00:00 0 
7f1988034000-7f198803b000 rw-p 0002f000 00:1379 9223372037562577932      /nix/store/gpxl5qgg8kicmcvivwmybwjlpf7wh20l-graalvm17-ce-22.3.0/lib/libjava.so
7f198803b000-7f1988043000 rw-s 00000000 00:3d1 350                       /tmp/hsperfdata_runner/30
7f1988043000-7f1988044000 ---p 00000000 00:00 0 
7f1988044000-7f1988045000 r--p 00000000 00:00 0 
7f1988045000-7f1988046000 rwxp 00000000 00:00 0 
7f1988046000-7f1988061000 r-xp 00000000 00:1379 9223372037562577936      /nix/store/gpxl5qgg8kicmcvivwmybwjlpf7wh20l-graalvm17-ce-22.3.0/lib/libjimage.so
7f1988061000-7f1988062000 ---p 0001b000 00:1379 9223372037562577936      /nix/store/gpxl5qgg8kicmcvivwmybwjlpf7wh20l-graalvm17-ce-22.3.0/lib/libjimage.so
7f1988062000-7f1988064000 r--p 0001b000 00:1379 9223372037562577936      /nix/store/gpxl5qgg8kicmcvivwmybwjlpf7wh20l-graalvm17-ce-22.3.0/lib/libjimage.so
7f1988064000-7f1988065000 rw-p 0001d000 00:1379 9223372037562577936      /nix/store/gpxl5qgg8kicmcvivwmybwjlpf7wh20l-graalvm17-ce-22.3.0/lib/libjimage.so
7f1988065000-7f1988066000 rw-p 00024000 00:1379 9223372037562577936      /nix/store/gpxl5qgg8kicmcvivwmybwjlpf7wh20l-graalvm17-ce-22.3.0/lib/libjimage.so
7f1988066000-7f198806a000 ---p 00000000 00:00 0 
7f198806a000-7f1988166000 rw-p 00000000 00:00 0 
7f1988166000-7f1988174000 r--p 00000000 00:1379 9223372037455367831      /nix/store/4nlgxhb09sdr51nc9hdm8az5b08vzkgx-glibc-2.35-163/lib/libm.so.6
7f1988174000-7f19881e7000 r-xp 0000e000 00:1379 9223372037455367831      /nix/store/4nlgxhb09sdr51nc9hdm8az5b08vzkgx-glibc-2.35-163/lib/libm.so.6
7f19881e7000-7f1988244000 r--p 00081000 00:1379 9223372037455367831      /nix/store/4nlgxhb09sdr51nc9hdm8az5b08vzkgx-glibc-2.35-163/lib/libm.so.6
7f1988244000-7f1988245000 r--p 000dd000 00:1379 9223372037455367831      /nix/store/4nlgxhb09sdr51nc9hdm8az5b08vzkgx-glibc-2.35-163/lib/libm.so.6
7f1988245000-7f1988246000 rw-p 000de000 00:1379 9223372037455367831      /nix/store/4nlgxhb09sdr51nc9hdm8az5b08vzkgx-glibc-2.35-163/lib/libm.so.6
7f1988246000-7f1988247000 r--p 00000000 00:1379 9223372037455367850      /nix/store/4nlgxhb09sdr51nc9hdm8az5b08vzkgx-glibc-2.35-163/lib/librt.so.1
7f1988247000-7f1988248000 r-xp 00001000 00:1379 9223372037455367850      /nix/store/4nlgxhb09sdr51nc9hdm8az5b08vzkgx-glibc-2.35-163/lib/librt.so.1
7f1988248000-7f1988249000 r--p 00002000 00:1379 9223372037455367850      /nix/store/4nlgxhb09sdr51nc9hdm8az5b08vzkgx-glibc-2.35-163/lib/librt.so.1
7f1988249000-7f198824a000 r--p 00002000 00:1379 9223372037455367850      /nix/store/4nlgxhb09sdr51nc9hdm8az5b08vzkgx-glibc-2.35-163/lib/librt.so.1
7f198824a000-7f198824b000 rw-p 00003000 00:1379 9223372037455367850      /nix/store/4nlgxhb09sdr51nc9hdm8az5b08vzkgx-glibc-2.35-163/lib/librt.so.1
7f198824b000-7f198935e000 r-xp 00000000 00:1379 9223372037562748770      /nix/store/gpxl5qgg8kicmcvivwmybwjlpf7wh20l-graalvm17-ce-22.3.0/lib/server/libjvm.so
7f198935e000-7f198935f000 ---p 01113000 00:1379 9223372037562748770      /nix/store/gpxl5qgg8kicmcvivwmybwjlpf7wh20l-graalvm17-ce-22.3.0/lib/server/libjvm.so
7f198935f000-7f1989414000 r--p 01113000 00:1379 9223372037562748770      /nix/store/gpxl5qgg8kicmcvivwmybwjlpf7wh20l-graalvm17-ce-22.3.0/lib/server/libjvm.so
7f1989414000-7f1989448000 rw-p 011c8000 00:1379 9223372037562748770      /nix/store/gpxl5qgg8kicmcvivwmybwjlpf7wh20l-graalvm17-ce-22.3.0/lib/server/libjvm.so
7f1989448000-7f19894a4000 rw-p 00000000 00:00 0 
7f19894a4000-7f19894cc000 r--p 00000000 00:1379 9223372037455367822      /nix/store/4nlgxhb09sdr51nc9hdm8az5b08vzkgx-glibc-2.35-163/lib/libc.so.6
7f19894cc000-7f1989642000 r-xp 00028000 00:1379 9223372037455367822      /nix/store/4nlgxhb09sdr51nc9hdm8az5b08vzkgx-glibc-2.35-163/lib/libc.so.6
7f1989642000-7f198969a000 r--p 0019e000 00:1379 9223372037455367822      /nix/store/4nlgxhb09sdr51nc9hdm8az5b08vzkgx-glibc-2.35-163/lib/libc.so.6
7f198969a000-7f198969e000 r--p 001f6000 00:1379 9223372037455367822      /nix/store/4nlgxhb09sdr51nc9hdm8az5b08vzkgx-glibc-2.35-163/lib/libc.so.6
7f198969e000-7f19896a0000 rw-p 001fa000 00:1379 9223372037455367822      /nix/store/4nlgxhb09sdr51nc9hdm8az5b08vzkgx-glibc-2.35-163/lib/libc.so.6
7f19896a0000-7f19896af000 rw-p 00000000 00:00 0 
7f19896af000-7f19896b0000 r--p 00000000 00:1379 9223372037455367827      /nix/store/4nlgxhb09sdr51nc9hdm8az5b08vzkgx-glibc-2.35-163/lib/libdl.so.2
7f19896b0000-7f19896b1000 r-xp 00001000 00:1379 9223372037455367827      /nix/store/4nlgxhb09sdr51nc9hdm8az5b08vzkgx-glibc-2.35-163/lib/libdl.so.2
7f19896b1000-7f19896b2000 r--p 00002000 00:1379 9223372037455367827      /nix/store/4nlgxhb09sdr51nc9hdm8az5b08vzkgx-glibc-2.35-163/lib/libdl.so.2
7f19896b2000-7f19896b3000 r--p 00002000 00:1379 9223372037455367827      /nix/store/4nlgxhb09sdr51nc9hdm8az5b08vzkgx-glibc-2.35-163/lib/libdl.so.2
7f19896b3000-7f19896b4000 rw-p 00003000 00:1379 9223372037455367827      /nix/store/4nlgxhb09sdr51nc9hdm8az5b08vzkgx-glibc-2.35-163/lib/libdl.so.2
7f19896b4000-7f19896b5000 r--p 00000000 00:1379 9223372037455367846      /nix/store/4nlgxhb09sdr51nc9hdm8az5b08vzkgx-glibc-2.35-163/lib/libpthread.so.0
7f19896b5000-7f19896b6000 r-xp 00001000 00:1379 9223372037455367846      /nix/store/4nlgxhb09sdr51nc9hdm8az5b08vzkgx-glibc-2.35-163/lib/libpthread.so.0
7f19896b6000-7f19896b7000 r--p 00002000 00:1379 9223372037455367846      /nix/store/4nlgxhb09sdr51nc9hdm8az5b08vzkgx-glibc-2.35-163/lib/libpthread.so.0
7f19896b7000-7f19896b8000 r--p 00002000 00:1379 9223372037455367846      /nix/store/4nlgxhb09sdr51nc9hdm8az5b08vzkgx-glibc-2.35-163/lib/libpthread.so.0
7f19896b8000-7f19896b9000 rw-p 00003000 00:1379 9223372037455367846      /nix/store/4nlgxhb09sdr51nc9hdm8az5b08vzkgx-glibc-2.35-163/lib/libpthread.so.0
7f19896b9000-7f19896c7000 r-xp 00000000 00:1379 9223372037562577937      /nix/store/gpxl5qgg8kicmcvivwmybwjlpf7wh20l-graalvm17-ce-22.3.0/lib/libjli.so
7f19896c7000-7f19896c8000 ---p 0000e000 00:1379 9223372037562577937      /nix/store/gpxl5qgg8kicmcvivwmybwjlpf7wh20l-graalvm17-ce-22.3.0/lib/libjli.so
7f19896c8000-7f19896c9000 r--p 0000e000 00:1379 9223372037562577937      /nix/store/gpxl5qgg8kicmcvivwmybwjlpf7wh20l-graalvm17-ce-22.3.0/lib/libjli.so
7f19896c9000-7f19896ca000 rw-p 0000f000 00:1379 9223372037562577937      /nix/store/gpxl5qgg8kicmcvivwmybwjlpf7wh20l-graalvm17-ce-22.3.0/lib/libjli.so
7f19896ca000-7f19896cb000 rw-p 00012000 00:1379 9223372037562577937      /nix/store/gpxl5qgg8kicmcvivwmybwjlpf7wh20l-graalvm17-ce-22.3.0/lib/libjli.so
7f19896cb000-7f19896ce000 r--p 00000000 00:1379 9223372037533597975      /nix/store/026hln0aq1hyshaxsdvhg0kmcm6yf45r-zlib-1.2.13/lib/libz.so.1.2.13
7f19896ce000-7f19896e0000 r-xp 00003000 00:1379 9223372037533597975      /nix/store/026hln0aq1hyshaxsdvhg0kmcm6yf45r-zlib-1.2.13/lib/libz.so.1.2.13
7f19896e0000-7f19896e7000 r--p 00015000 00:1379 9223372037533597975      /nix/store/026hln0aq1hyshaxsdvhg0kmcm6yf45r-zlib-1.2.13/lib/libz.so.1.2.13
7f19896e7000-7f19896e8000 r--p 0001b000 00:1379 9223372037533597975      /nix/store/026hln0aq1hyshaxsdvhg0kmcm6yf45r-zlib-1.2.13/lib/libz.so.1.2.13
7f19896e8000-7f19896e9000 rw-p 0001c000 00:1379 9223372037533597975      /nix/store/026hln0aq1hyshaxsdvhg0kmcm6yf45r-zlib-1.2.13/lib/libz.so.1.2.13
7f19896e9000-7f19896eb000 rw-p 00000000 00:00 0 
7f19896eb000-7f19896ef000 r--p 00000000 00:00 0                          [vvar]
7f19896ef000-7f19896f1000 r-xp 00000000 00:00 0                          [vdso]
7f19896f1000-7f19896f3000 r--p 00000000 00:1379 9223372037455367816      /nix/store/4nlgxhb09sdr51nc9hdm8az5b08vzkgx-glibc-2.35-163/lib/ld-linux-x86-64.so.2
7f19896f3000-7f198971a000 r-xp 00002000 00:1379 9223372037455367816      /nix/store/4nlgxhb09sdr51nc9hdm8az5b08vzkgx-glibc-2.35-163/lib/ld-linux-x86-64.so.2
7f198971a000-7f1989726000 r--p 00029000 00:1379 9223372037455367816      /nix/store/4nlgxhb09sdr51nc9hdm8az5b08vzkgx-glibc-2.35-163/lib/ld-linux-x86-64.so.2
7f1989726000-7f1989728000 r--p 00034000 00:1379 9223372037455367816      /nix/store/4nlgxhb09sdr51nc9hdm8az5b08vzkgx-glibc-2.35-163/lib/ld-linux-x86-64.so.2
7f1989728000-7f198972a000 rw-p 00036000 00:1379 9223372037455367816      /nix/store/4nlgxhb09sdr51nc9hdm8az5b08vzkgx-glibc-2.35-163/lib/ld-linux-x86-64.so.2
7ffc9b1d7000-7ffc9b1fb000 rw-p 00000000 00:00 0                          [stack]
ffffffffff600000-ffffffffff601000 --xp 00000000 00:00 0                  [vsyscall]


VM Arguments:
jvm_args: -XX:ThreadPriorityPolicy=1 -XX:+UnlockExperimentalVMOptions -XX:+EnableJVMCIProduct -XX:JVMCIThreadsPerNativeLibraryRuntime=1 -XX:-UnlockExperimentalVMOptions -Declipse.application=org.eclipse.jdt.ls.core.id1 -Dosgi.bundles.defaultStartLevel=4 -Declipse.product=org.eclipse.jdt.ls.core.product -Dlog.level=ALL -Xverify:none -XX:+UseParallelGC -XX:GCTimeRatio=4 -XX:AdaptiveSizePolicyWeight=90 -Dsun.zip.disableMemoryMapping=true -Xmx512m -Xms100m 
java_command: /nix/store/m6gcpi1ii6rghy04cjwjddcavv7i90df-jdt-language-server-1.9.0/share/java/plugins/org.eclipse.equinox.launcher_1.6.400.v20210924-0641.jar --add-modules=ALL-SYSTEM --add-opens java.base/java.util=ALL-UNNAMED --add-opens java.base/java.lang=ALL-UNNAMED -configuration /home/runner/.cache/jdt-language-server/config -data /home/runner/.cache/jdt-language-server/data/home/runner/Everyrthing-Store-OOP-Assessment
java_class_path (initial): /nix/store/m6gcpi1ii6rghy04cjwjddcavv7i90df-jdt-language-server-1.9.0/share/java/plugins/org.eclipse.equinox.launcher_1.6.400.v20210924-0641.jar
Launcher Type: SUN_STANDARD

[Global flags]
    uintx AdaptiveSizePolicyWeight                 = 90                                        {product} {command line}
     intx CICompilerCount                          = 2                                         {product} {ergonomic}
     bool EnableJVMCIProduct                       = true                                {JVMCI product} {jimage}
    uintx GCTimeRatio                              = 4                                         {product} {command line}
   size_t InitialHeapSize                          = 104857600                                 {product} {command line}
     uint JVMCIThreadsPerNativeLibraryRuntime      = 1                                   {JVMCI product} {jimage}
   size_t MaxHeapSize                              = 536870912                                 {product} {command line}
   size_t MaxNewSize                               = 178782208                                 {product} {ergonomic}
   size_t MinHeapDeltaBytes                        = 524288                                    {product} {ergonomic}
   size_t MinHeapSize                              = 104857600                                 {product} {command line}
   size_t NewSize                                  = 34603008                                  {product} {ergonomic}
    uintx NonNMethodCodeHeapSize                   = 5826188                                {pd product} {ergonomic}
    uintx NonProfiledCodeHeapSize                  = 122916026                              {pd product} {ergonomic}
   size_t OldSize                                  = 70254592                                  {product} {ergonomic}
    uintx ProfiledCodeHeapSize                     = 122916026                              {pd product} {ergonomic}
    uintx ReservedCodeCacheSize                    = 251658240                              {pd product} {ergonomic}
     bool SegmentedCodeCache                       = true                                      {product} {ergonomic}
   size_t SoftMaxHeapSize                          = 536870912                              {manageable} {ergonomic}
     intx ThreadPriorityPolicy                     = 1                                         {product} {jimage}
     bool UseCompressedClassPointers               = true                           {product lp64_product} {ergonomic}
     bool UseCompressedOops                        = true                           {product lp64_product} {ergonomic}
     bool UseParallelGC                            = true                                      {product} {command line}

Logging:
Log output configuration:
 #0: stdout all=warning uptime,level,tags
 #1: stderr all=off uptime,level,tags

Environment Variables:
JAVA_HOME=/nix/store/gpxl5qgg8kicmcvivwmybwjlpf7wh20l-graalvm17-ce-22.3.0
PATH=/nix/store/1d6ian3r8kdzspw8hacjhl3xkp40g1lj-binutils-wrapper-2.39/bin:/nix/store/dq0xwmsk1g0i2ayg6pb7y87na2knzylh-gcc-wrapper-11.3.0/bin:/nix/store/bap4d0lpcrhpwmpb8ayjcgkmvfj62lnq-bash-interactive-5.1-p16/bin:/nix/store/pr5n59mb4jzmfx6kanwxly0l07p861fg-patchelf-0.15.0/bin:/nix/store/1gf2flfqnpqbr1b4p4qz2f72y42bs56r-gcc-11.3.0/bin:/nix/store/57xv61c5zi8pphjbcwxxjlgc34p61ic9-glibc-2.35-163-bin/bin:/nix/store/a7gvj343m05j2s32xcnwr35v31ynlypr-coreutils-9.1/bin:/nix/store/039g378vc3pc3dvi9dzdlrd0i4q93qwf-binutils-2.39/bin:/nix/store/gpxl5qgg8kicmcvivwmybwjlpf7wh20l-graalvm17-ce-22.3.0/bin:/nix/store/6z9ag3ihc8mq2hzsw48lhbznvzny65nz-apache-maven-3.8.6/bin:/nix/store/m6gcpi1ii6rghy04cjwjddcavv7i90df-jdt-language-server-1.9.0/bin:/nix/store/84xs5alhs01zrbr4ywm05kxbjbp5590l-java-debug/bin:/nix/store/mydc6f4k2z73xlcz7ilif3v2lcaiqvza-findutils-4.9.0/bin:/nix/store/j9p3g8472iijd50vhdprx0nmk2fqn5gv-diffutils-3.8/bin:/nix/store/89zs7rms6x00xfq4dq6m7mjnhkr8a6r4-gnused-4.8/bin:/nix/store/86bp03jkmsl6f92w0yzg4s59g5mhxwmy-gnugrep-3.7/bin:/nix/store/hwcdqw4jrjnd37wxqgsd47hd0j8bnj09-gawk-5.1.1/bin:/nix/store/cfbhw8r8ags41vwqaz47r583d0p4h4a1-gnutar-1.34/bin:/nix/store/p3m1ndl1lapwrlh698bnb5lvvxh67378-gzip-1.12/bin:/nix/store/a8mhcagrsly7c7mpjrpsnaahk4aax056-bzip2-1.0.8-bin/bin:/nix/store/mblgz65m3zv9x548a3d5m96fj2pbwr09-gnumake-4.3/bin:/nix/store/dsd5gz46hdbdk2rfdimqddhq6m8m8fqs-bash-5.1-p16/bin:/nix/store/v7ljksji50mg3w61dykaa3n3y79n6nil-patch-2.7.6/bin:/nix/store/zlcnmqq14jz5x9439jf937mvayyl63da-xz-5.2.7-bin/bin:/nix/store/y6aj732zm9m87c82fpvf103a1xb22blp-file-5.43/bin:/nix/store/sgqd0ajghcv2axfl1lad0b1alyavp0dc-prybar-elisp-0.0.0-67f7a00/bin:/nix/store/p3hsvljpgs68jqwar41lc0jqhjj734lf-prybar-lua-0.0.0-67f7a00/bin:/nix/store/qzxs2gybds3s9kb1vkaflpgm2nwr85fh-prybar-python3-0.0.0-67f7a00/bin:/nix/store/km94z9mxp8w4m8gxxp5mbfpdf3nkfvd8-prybar-sqlite-0.0.0-67f7a00/bin:/nix/store/2pnc7b76asw0z59c4l6h6qy8arwqrii1-prybar-tcl-0.0.0-67f7a00/bin:/nix/store/hpbvrlwd5viqmvcaisb3x0118i913a9n-st
LD_LIBRARY_PATH=/nix/store/a4pff549sk2idnkpzk5nsfps3mdkdnvm-cups-2.4.2-lib/lib:/nix/store/72mqxxhh3cy5yifh92wh2yb8cl2hikyy-cairo-1.16.0/lib:/nix/store/2k366jrbsra97gjfxwvrhvixjfxdach5-glib-2.74.1/lib:/nix/store/2j2znigd8ak37rlwh9khz0ry3clqlw1l-gtk+3-3.24.34/lib:/nix/store/hisqvx32cd57apbpcsnkpx6k3549wql1-libglvnd-1.4.0/lib:/nix/store/p36pgcv991mq5srvg765b78yqpxvk3qs-mesa-21.3.3-drivers/lib:/nix/store/mav4251if1ahjq5vkpwycyyvnmy459c4-pulseaudio-14.2/lib
DISPLAY=:0
LANG=en_US.UTF-8

Signal Handlers:
   SIGSEGV: crash_handler in libjvm.so, mask=11100100010111111101111111111110, flags=SA_RESTART|SA_SIGINFO
    SIGBUS: crash_handler in libjvm.so, mask=11100100010111111101111111111110, flags=SA_RESTART|SA_SIGINFO
    SIGFPE: crash_handler in libjvm.so, mask=11100100010111111101111111111110, flags=SA_RESTART|SA_SIGINFO
   SIGPIPE: IsolateEnterStub_IgnoreSIGPIPEStartupHook_noopSignalHandler_8f19bff2f35b5f630d83b364d6b2339320d4ec70_216e8361c6bc87a8f89f58cc10d3b2fd4415bf87 in libjvmcicompiler.so, mask=00000000000000000000000000000000, flags=SA_RESTART
  *** Handler was modified!
  *** Expected: javaSignalHandler in libjvm.so, mask=11100100110111111111111111111110, flags=SA_RESTART|SA_SIGINFO
   SIGXFSZ: javaSignalHandler in libjvm.so, mask=11100100010111111101111111111110, flags=SA_RESTART|SA_SIGINFO
    SIGILL: crash_handler in libjvm.so, mask=11100100010111111101111111111110, flags=SA_RESTART|SA_SIGINFO
   SIGUSR2: SR_handler in libjvm.so, mask=00000000000000000000000000000000, flags=SA_RESTART|SA_SIGINFO
    SIGHUP: UserHandler in libjvm.so, mask=11100100010111111101111111111110, flags=SA_RESTART|SA_SIGINFO
    SIGINT: UserHandler in libjvm.so, mask=11100100010111111101111111111110, flags=SA_RESTART|SA_SIGINFO
   SIGTERM: UserHandler in libjvm.so, mask=11100100010111111101111111111110, flags=SA_RESTART|SA_SIGINFO
   SIGQUIT: UserHandler in libjvm.so, mask=11100100010111111101111111111110, flags=SA_RESTART|SA_SIGINFO
  *** Handler was modified!
  *** Expected: javaSignalHandler in libjvm.so, mask=11100100110111111111111111111110, flags=SA_RESTART|SA_SIGINFO
   SIGTRAP: crash_handler in libjvm.so, mask=11100100010111111101111111111110, flags=SA_RESTART|SA_SIGINFO


---------------  S Y S T E M  ---------------

OS:
DISTRIB_ID=Ubuntu
DISTRIB_RELEASE=20.04
DISTRIB_CODENAME=focal
DISTRIB_DESCRIPTION="Ubuntu 20.04.2 LTS"
uname: Linux 5.15.0-1027-gcp #34~20.04.1-Ubuntu SMP Mon Jan 9 18:40:09 UTC 2023 x86_64
OS uptime: 0 days 4:18 hours
libc: glibc 2.35 NPTL 2.35 
rlimit (soft/hard): STACK 8192k/infinity , CORE infinity/infinity , NPROC infinity/infinity , NOFILE 5242/5242 , AS infinity/infinity , CPU infinity/infinity , DATA infinity/infinity , FSIZE infinity/infinity , MEMLOCK 64k/64k
load average: 13.51 12.47 12.88

/proc/meminfo:
MemTotal:       65852736 kB
MemFree:        30605020 kB
MemAvailable:   48180552 kB
Buffers:         1990392 kB
Cached:         14468160 kB
SwapCached:            0 kB
Active:          7235228 kB
Inactive:       24471432 kB
Active(anon):      13688 kB
Inactive(anon): 14826800 kB
Active(file):    7221540 kB
Inactive(file):  9644632 kB
Unevictable:       43344 kB
Mlocked:           43344 kB
SwapTotal:             0 kB
SwapFree:              0 kB
Dirty:              1460 kB
Writeback:           324 kB
AnonPages:      14222260 kB
Mapped:          2077420 kB
Shmem:             39612 kB
KReclaimable:    1435960 kB
Slab:            2580128 kB
SReclaimable:    1435960 kB
SUnreclaim:      1144168 kB
KernelStack:      391392 kB
PageTables:       159592 kB
NFS_Unstable:          0 kB
Bounce:                0 kB
WritebackTmp:          0 kB
CommitLimit:    32926368 kB
Committed_AS:   61344388 kB
VmallocTotal:   34359738367 kB
VmallocUsed:      425636 kB
VmallocChunk:          0 kB
Percpu:            51424 kB
HardwareCorrupted:     0 kB
AnonHugePages:    495616 kB
ShmemHugePages:        0 kB
ShmemPmdMapped:        0 kB
FileHugePages:         0 kB
FilePmdMapped:         0 kB
HugePages_Total:       0
HugePages_Free:        0
HugePages_Rsvd:        0
HugePages_Surp:        0
Hugepagesize:       2048 kB
Hugetlb:               0 kB
DirectMap4k:     3842880 kB
DirectMap2M:    46485504 kB
DirectMap1G:    18874368 kB

/sys/kernel/mm/transparent_hugepage/enabled: always [madvise] never
/sys/kernel/mm/transparent_hugepage/defrag (defrag/compaction efforts parameter): always defer defer+madvise [madvise] never

Process Memory:
Virtual Size: 4989564K (peak: 5018428K)
Resident Set Size: 759092K (peak: 793584K) (anon: 562376K, file: 196716K, shmem: 0K)
Swapped out: 0K
C-Heap outstanding allocations: 40398K, retained: 13373K
glibc malloc tunables: (default)

/proc/sys/kernel/threads-max (system-wide limit on the number of threads): 514406
/proc/sys/vm/max_map_count (maximum number of memory map areas a process may have): 65530
/proc/sys/kernel/pid_max (system-wide limit on number of process identifiers): 4194304

container (cgroup) information:
container_type: cgroupv1
cpu_cpuset_cpus: 2-7
cpu_memory_nodes: 0
active_processor_count: 1
cpu_quota: 50000
cpu_period: 100000
cpu_shares: 512
memory_limit_in_bytes: 1048576 k
memory_and_swap_limit_in_bytes: 1048576 k
memory_soft_limit_in_bytes: 524288 k
memory_usage_in_bytes: 621984 k
memory_max_usage_in_bytes: 652996 k
maximum number of tasks: 1000
current number of tasks: 57

KVM virtualization detected
Steal ticks since vm start: 0
Steal ticks percentage since vm start:  0.000

CPU: total 8 (initial active 1) (8 cores per cpu, 2 threads per core) family 23 model 49 stepping 0 microcode 0xffffffff, cx8, cmov, fxsr, ht, mmx, 3dnowpref, sse, sse2, sse3, ssse3, sse4a, sse4.1, sse4.2, popcnt, lzcnt, tsc, tscinvbit, avx, avx2, aes, clmul, bmi1, bmi2, adx, sha, fma, vzeroupper, clflush, clflushopt, hv
CPU Model and flags from /proc/cpuinfo:
model name	: AMD EPYC 7B12
flags		: fpu vme de pse tsc msr pae mce cx8 apic sep mtrr pge mca cmov pat pse36 clflush mmx fxsr sse sse2 ht syscall nx mmxext fxsr_opt pdpe1gb rdtscp lm constant_tsc rep_good nopl nonstop_tsc cpuid extd_apicid tsc_known_freq pni pclmulqdq ssse3 fma cx16 sse4_1 sse4_2 movbe popcnt aes xsave avx f16c rdrand hypervisor lahf_lm cmp_legacy cr8_legacy abm sse4a misalignsse 3dnowprefetch osvw topoext ssbd ibrs ibpb stibp vmmcall fsgsbase tsc_adjust bmi1 avx2 smep bmi2 rdseed adx smap clflushopt clwb sha_ni xsaveopt xsavec xgetbv1 clzero xsaveerptr arat npt nrip_save umip rdpid

Online cpus: 0-7
Offline cpus: 
BIOS frequency limitation: <Not Available>
Frequency switch latency (ns): <Not Available>
Available cpu frequencies: <Not Available>
Current governor: <Not Available>
Core performance/turbo boost: <Not Available>

Memory: 4k page, physical 1048576k(426584k free), swap 0k(0k free)
Page Sizes: 4k

vm_info: OpenJDK 64-Bit Server VM (17.0.5+8-jvmci-22.3-b08) for linux-amd64 JRE (17.0.5+8-jvmci-22.3-b08), built on Oct 19 2022 09:01:27 by "buildslave" with gcc 10.3.0

END.
